13:05:29.771 [main] INFO  testcases.TC_001_Login - ***TC_001_Login ******
13:05:29.796 [main] INFO  testcases.TC_001_Login - ***created homepageobject ******
13:05:29.896 [main] INFO  testcases.TC_001_Login - ***EnterEmailAddress ******
13:05:29.990 [main] INFO  testcases.TC_001_Login - ***EnterPassword ***
13:05:31.365 [main] INFO  testcases.TC_001_Login - ***ClickedOnLoginButton ***
13:08:02.004 [main] INFO  testcases.TC_001_Login - ***TC_001_Login ******
13:08:02.045 [main] INFO  testcases.TC_001_Login - ***created homepageobject ******
13:08:02.151 [main] INFO  testcases.TC_001_Login - ***EnterEmailAddress ******
13:08:02.246 [main] INFO  testcases.TC_001_Login - ***EnterPassword ***
13:08:03.377 [main] INFO  testcases.TC_001_Login - ***ClickedOnLoginButton ***
13:10:29.177 [main] INFO  testcases.TC_001_Login - ***TC_001_Login ******
13:10:29.220 [main] INFO  testcases.TC_001_Login - ***created homepageobject ******
13:10:29.322 [main] INFO  testcases.TC_001_Login - ***EnterEmailAddress ******
13:10:29.414 [main] INFO  testcases.TC_001_Login - ***EnterPassword ***
13:10:30.631 [main] INFO  testcases.TC_001_Login - ***ClickedOnLoginButton ***
13:50:35.005 [main] INFO  testcases.TC_001_Login - ***TC_001_Login ******
13:50:35.041 [main] INFO  testcases.TC_001_Login - ***created homepageobject ******
13:50:35.148 [main] INFO  testcases.TC_001_Login - ***EnterEmailAddress ******
13:50:35.267 [main] INFO  testcases.TC_001_Login - ***EnterPassword ***
13:50:36.537 [main] INFO  testcases.TC_001_Login - ***ClickedOnLoginButton ***
13:57:09.144 [main] INFO  testcases.TC_001_Login - ***TC_001_Login ******
13:57:09.185 [main] INFO  testcases.TC_001_Login - ***created homepageobject ******
13:57:09.290 [main] INFO  testcases.TC_001_Login - ***EnterEmailAddress ******
13:57:09.412 [main] INFO  testcases.TC_001_Login - ***EnterPassword ***
13:57:10.747 [main] INFO  testcases.TC_001_Login - ***ClickedOnLoginButton ***
15:19:10.245 [main] INFO  testcases.TC_001_Login - ***TC_001_Login ******
15:19:10.269 [main] INFO  testcases.TC_001_Login - ***created homepageobject ******
15:19:10.370 [main] INFO  testcases.TC_001_Login - ***EnterEmailAddress ******
15:19:10.470 [main] INFO  testcases.TC_001_Login - ***EnterPassword ***
15:19:12.028 [main] INFO  testcases.TC_001_Login - ***ClickedOnLoginButton ***
15:25:16.428 [main] INFO  testcases.TC_001_Login - ***TC_001_Login ******
15:25:16.451 [main] INFO  testcases.TC_001_Login - ***created homepageobject ******
15:25:16.555 [main] INFO  testcases.TC_001_Login - ***EnterEmailAddress ******
15:25:16.647 [main] INFO  testcases.TC_001_Login - ***EnterPassword ***
15:25:17.933 [main] INFO  testcases.TC_001_Login - ***ClickedOnLoginButton ***
15:27:44.817 [main] INFO  testcases.TC_001_Login - ***TC_001_Login ******
15:27:44.840 [main] INFO  testcases.TC_001_Login - ***created homepageobject ******
15:27:44.941 [main] INFO  testcases.TC_001_Login - ***EnterEmailAddress ******
15:27:45.038 [main] INFO  testcases.TC_001_Login - ***EnterPassword ***
15:27:46.373 [main] INFO  testcases.TC_001_Login - ***ClickedOnLoginButton ***
16:39:12.869 [main] INFO  testcases.TC_001_Login - ***TC_001_Login ******
16:39:12.902 [main] INFO  testcases.TC_001_Login - ***created homepageobject ******
16:39:13.018 [main] INFO  testcases.TC_001_Login - ***EnterEmailAddress ******
16:39:13.105 [main] INFO  testcases.TC_001_Login - ***EnterPassword ***
16:39:14.284 [main] INFO  testcases.TC_001_Login - ***ClickedOnLoginButton ***
16:41:14.453 [main] INFO  testcases.TC_001_Login - ***TC_001_Login ******
16:41:14.476 [main] INFO  testcases.TC_001_Login - ***created homepageobject ******
16:41:14.584 [main] INFO  testcases.TC_001_Login - ***EnterEmailAddress ******
16:41:14.674 [main] INFO  testcases.TC_001_Login - ***EnterPassword ***
16:41:15.904 [main] INFO  testcases.TC_001_Login - ***ClickedOnLoginButton ***
16:41:49.194 [main] INFO  testcases.TC_001_Login - ***TC_001_Login ******
16:41:49.224 [main] INFO  testcases.TC_001_Login - ***created homepageobject ******
16:41:49.332 [main] INFO  testcases.TC_001_Login - ***EnterEmailAddress ******
16:41:49.428 [main] INFO  testcases.TC_001_Login - ***EnterPassword ***
16:41:51.181 [main] INFO  testcases.TC_001_Login - ***ClickedOnLoginButton ***
17:52:27.124 [main] INFO  testcases.TC_001_Login - ***TC_001_Login ******
17:52:27.152 [main] INFO  testcases.TC_001_Login - ***created homepageobject ******
17:52:27.260 [main] INFO  testcases.TC_001_Login - ***EnterEmailAddress ******
17:52:27.346 [main] INFO  testcases.TC_001_Login - ***EnterPassword ***
17:52:28.511 [main] INFO  testcases.TC_001_Login - ***ClickedOnLoginButton ***
17:56:17.348 [main] INFO  testcases.TC_001_Login - ***TC_001_Login ******
17:56:17.373 [main] INFO  testcases.TC_001_Login - ***created homepageobject ******
17:56:17.478 [main] INFO  testcases.TC_001_Login - ***EnterEmailAddress ******
17:56:17.571 [main] INFO  testcases.TC_001_Login - ***EnterPassword ***
17:56:18.661 [main] INFO  testcases.TC_001_Login - ***ClickedOnLoginButton ***
18:01:04.431 [main] INFO  testcases.TC_001_Login - ***TC_001_Login ******
18:01:04.455 [main] INFO  testcases.TC_001_Login - ***created homepageobject ******
18:01:04.563 [main] INFO  testcases.TC_001_Login - ***EnterEmailAddress ******
18:01:04.656 [main] INFO  testcases.TC_001_Login - ***EnterPassword ***
18:01:05.808 [main] INFO  testcases.TC_001_Login - ***ClickedOnLoginButton ***
18:04:30.246 [main] INFO  testcases.TC_001_Login - ***TC_001_Login ******
18:04:30.273 [main] INFO  testcases.TC_001_Login - ***created homepageobject ******
18:04:30.380 [main] INFO  testcases.TC_001_Login - ***EnterEmailAddress ******
18:04:30.467 [main] INFO  testcases.TC_001_Login - ***EnterPassword ***
18:04:31.824 [main] INFO  testcases.TC_001_Login - ***ClickedOnLoginButton ***
18:12:49.048 [main] INFO  testcases.TC_001_Login - ***TC_001_Login ******
18:12:49.080 [main] INFO  testcases.TC_001_Login - ***created homepageobject ******
18:12:49.184 [main] INFO  testcases.TC_001_Login - ***EnterEmailAddress ******
18:12:49.281 [main] INFO  testcases.TC_001_Login - ***EnterPassword ***
18:12:50.445 [main] INFO  testcases.TC_001_Login - ***ClickedOnLoginButton ***
06:39:44.599 [main] INFO  testcases.TC_001_Login - ***TC_001_Login ******
06:39:44.658 [main] INFO  testcases.TC_001_Login - ***created homepageobject ******
06:39:44.793 [main] INFO  testcases.TC_001_Login - ***EnterEmailAddress ******
06:39:44.889 [main] INFO  testcases.TC_001_Login - ***EnterPassword ***
06:39:46.002 [main] INFO  testcases.TC_001_Login - ***ClickedOnLoginButton ***
07:04:09.390 [main] INFO  testcases.TC_001_Login - ***TC_001_Login ******
07:04:09.438 [main] INFO  testcases.TC_001_Login - ***created homepageobject ******
07:04:09.568 [main] INFO  testcases.TC_001_Login - ***EnterEmailAddress ******
07:04:09.663 [main] INFO  testcases.TC_001_Login - ***EnterPassword ***
07:04:11.097 [main] INFO  testcases.TC_001_Login - ***ClickedOnLoginButton ***
07:09:28.684 [main] INFO  testcases.TC_001_Login - ***TC_001_Login ******
07:09:28.741 [main] INFO  testcases.TC_001_Login - ***created homepageobject ******
07:09:28.856 [main] INFO  testcases.TC_001_Login - ***EnterEmailAddress ******
07:09:28.965 [main] INFO  testcases.TC_001_Login - ***EnterPassword ***
07:09:30.125 [main] INFO  testcases.TC_001_Login - ***ClickedOnLoginButton ***
07:12:04.072 [main] INFO  testcases.TC_001_Login - ***TC_001_Login ******
07:12:04.111 [main] INFO  testcases.TC_001_Login - ***created homepageobject ******
07:12:04.227 [main] INFO  testcases.TC_001_Login - ***EnterEmailAddress ******
07:12:04.333 [main] INFO  testcases.TC_001_Login - ***EnterPassword ***
07:12:05.451 [main] INFO  testcases.TC_001_Login - ***ClickedOnLoginButton ***
07:16:12.390 [main] INFO  testcases.TC_001_Login - ***TC_001_Login ******
07:16:12.441 [main] INFO  testcases.TC_001_Login - ***created homepageobject ******
07:16:12.563 [main] INFO  testcases.TC_001_Login - ***EnterEmailAddress ******
07:16:12.667 [main] INFO  testcases.TC_001_Login - ***EnterPassword ***
07:16:14.803 [main] INFO  testcases.TC_001_Login - ***ClickedOnLoginButton ***
07:25:22.207 [main] INFO  testcases.TC_001_Login - ***TC_001_Login ******
07:25:22.242 [main] INFO  testcases.TC_001_Login - ***created homepageobject ******
07:25:22.350 [main] INFO  testcases.TC_001_Login - ***EnterEmailAddress ******
07:25:22.444 [main] INFO  testcases.TC_001_Login - ***EnterPassword ***
07:25:23.757 [main] INFO  testcases.TC_001_Login - ***ClickedOnLoginButton ***
13:52:30.821 [main] INFO  testcases.TC_001_Login - ***TC_001_Login ******
13:52:30.876 [main] INFO  testcases.TC_001_Login - ***created homepageobject ******
13:52:30.977 [main] INFO  testcases.TC_001_Login - ***EnterEmailAddress ******
13:52:31.070 [main] INFO  testcases.TC_001_Login - ***EnterPassword ***
13:52:32.279 [main] INFO  testcases.TC_001_Login - ***ClickedOnLoginButton ***
