11:16:11.329 [TestNG-tests-1] INFO  com.selenium.testcases.TC_001_LoginTest - *** ClickedOnLoginButton ***
11:17:05.520 [main] INFO  com.selenium.testcases.TC_001_LoginTest - **open the browser**
11:17:07.363 [main] INFO  com.selenium.testcases.TC_001_LoginTest - ***Enter the URL***
11:17:07.528 [main] INFO  com.selenium.testcases.TC_001_LoginTest - **maximize the browser**
11:17:07.587 [main] INFO  com.selenium.testcases.TC_001_LoginTest - ***TC_001_Login ***
11:17:07.629 [main] INFO  com.selenium.testcases.TC_001_LoginTest - ***created homepageobject ***
11:17:07.784 [main] INFO  com.selenium.testcases.TC_001_LoginTest - ***EnterEmailAddress ***
11:17:07.908 [main] INFO  com.selenium.testcases.TC_001_LoginTest - ***EnterPassword ***
11:17:08.875 [main] INFO  com.selenium.testcases.TC_001_LoginTest - *** ClickedOnLoginButton ***
11:17:09.404 [main] INFO  com.selenium.testcases.TC_001_LoginTest - ***closing the browser***
11:17:13.354 [main] INFO  com.selenium.testcases.TC_001_LoginTest - **open the browser**
11:17:15.090 [main] INFO  com.selenium.testcases.TC_001_LoginTest - ***Enter the URL***
11:17:15.245 [main] INFO  com.selenium.testcases.TC_001_LoginTest - **maximize the browser**
11:17:15.249 [main] INFO  com.selenium.testcases.TC_001_LoginTest - ***TC_001_Login ***
11:17:15.251 [main] INFO  com.selenium.testcases.TC_001_LoginTest - ***created homepageobject ***
11:17:15.411 [main] INFO  com.selenium.testcases.TC_001_LoginTest - ***EnterEmailAddress ***
11:17:15.529 [main] INFO  com.selenium.testcases.TC_001_LoginTest - ***EnterPassword ***
11:17:16.030 [main] INFO  com.selenium.testcases.TC_001_LoginTest - *** ClickedOnLoginButton ***
11:17:16.953 [main] INFO  com.selenium.testcases.TC_001_LoginTest - ***closing the browser***
12:08:09.919 [main] INFO  com.selenium.testcases.TC_001_LoginTest - **open the browser**
12:08:24.861 [main] INFO  com.selenium.testcases.TC_001_LoginTest - ***Enter the URL***
12:08:35.987 [main] INFO  com.selenium.testcases.TC_001_LoginTest - **maximize the browser**
12:09:29.223 [main] INFO  com.selenium.testcases.TC_001_LoginTest - **open the browser**
12:09:30.873 [main] INFO  com.selenium.testcases.TC_001_LoginTest - ***Enter the URL***
12:09:31.030 [main] INFO  com.selenium.testcases.TC_001_LoginTest - **maximize the browser**
12:09:31.110 [main] INFO  com.selenium.testcases.TC_001_LoginTest - ***TC_001_Login ***
12:09:31.151 [main] INFO  com.selenium.testcases.TC_001_LoginTest - ***created homepageobject ***
12:09:31.316 [main] INFO  com.selenium.testcases.TC_001_LoginTest - ***EnterEmailAddress ***
12:09:31.423 [main] INFO  com.selenium.testcases.TC_001_LoginTest - ***EnterPassword ***
12:09:32.464 [main] INFO  com.selenium.testcases.TC_001_LoginTest - *** ClickedOnLoginButton ***
12:09:32.882 [main] INFO  com.selenium.testcases.TC_001_LoginTest - ***closing the browser***
12:09:37.176 [main] INFO  com.selenium.testcases.TC_001_LoginTest - **open the browser**
12:09:39.279 [main] INFO  com.selenium.testcases.TC_001_LoginTest - ***Enter the URL***
12:09:39.442 [main] INFO  com.selenium.testcases.TC_001_LoginTest - **maximize the browser**
12:09:39.471 [main] INFO  com.selenium.testcases.TC_001_LoginTest - ***TC_001_Login ***
12:09:39.474 [main] INFO  com.selenium.testcases.TC_001_LoginTest - ***created homepageobject ***
12:09:39.676 [main] INFO  com.selenium.testcases.TC_001_LoginTest - ***EnterEmailAddress ***
12:09:39.795 [main] INFO  com.selenium.testcases.TC_001_LoginTest - ***EnterPassword ***
12:09:40.858 [main] INFO  com.selenium.testcases.TC_001_LoginTest - *** ClickedOnLoginButton ***
12:09:41.326 [main] INFO  com.selenium.testcases.TC_001_LoginTest - ***closing the browser***
13:55:36.916 [TestNG-tests-2] INFO  com.selenium.testcases.TC_001_LoginTest - **open the browser**
13:55:42.479 [TestNG-tests-1] INFO  com.selenium.testcases.TC_001_LoginTest - **open the browser**
13:55:45.389 [TestNG-tests-1] INFO  com.selenium.testcases.TC_001_LoginTest - ***Enter the URL***
13:55:45.674 [TestNG-tests-2] INFO  com.selenium.testcases.TC_001_LoginTest - ***Enter the URL***
13:55:45.816 [TestNG-tests-1] INFO  com.selenium.testcases.TC_001_LoginTest - **maximize the browser**
13:55:45.851 [TestNG-tests-2] INFO  com.selenium.testcases.TC_001_LoginTest - **maximize the browser**
13:55:45.919 [TestNG-tests-1] INFO  com.selenium.testcases.TC_001_LoginTest - ***TC_001_Login ***
13:55:45.922 [TestNG-tests-2] INFO  com.selenium.testcases.TC_001_LoginTest - ***TC_001_Login ***
13:55:45.966 [TestNG-tests-1] INFO  com.selenium.testcases.TC_001_LoginTest - ***created homepageobject ***
13:55:45.970 [TestNG-tests-2] INFO  com.selenium.testcases.TC_001_LoginTest - ***created homepageobject ***
13:55:46.130 [TestNG-tests-1] INFO  com.selenium.testcases.TC_001_LoginTest - ***EnterEmailAddress ***
13:55:46.171 [TestNG-tests-2] INFO  com.selenium.testcases.TC_001_LoginTest - ***EnterEmailAddress ***
13:55:46.275 [TestNG-tests-1] INFO  com.selenium.testcases.TC_001_LoginTest - ***EnterPassword ***
13:55:46.317 [TestNG-tests-2] INFO  com.selenium.testcases.TC_001_LoginTest - ***EnterPassword ***
13:55:46.791 [TestNG-tests-1] INFO  com.selenium.testcases.TC_001_LoginTest - *** ClickedOnLoginButton ***
14:00:07.950 [TestNG-tests-2] INFO  com.selenium.testcases.TC_001_LoginTest - ***closing the browser***
14:00:07.950 [TestNG-tests-1] INFO  com.selenium.testcases.TC_001_LoginTest - ***closing the browser***
14:00:30.736 [TestNG-tests-2] INFO  com.selenium.testcases.TC_001_LoginTest - **open the browser**
14:00:32.227 [TestNG-tests-1] INFO  com.selenium.testcases.TC_001_LoginTest - **open the browser**
14:00:32.836 [TestNG-tests-2] INFO  com.selenium.testcases.TC_001_LoginTest - ***Enter the URL***
14:00:33.880 [TestNG-tests-1] INFO  com.selenium.testcases.TC_001_LoginTest - ***Enter the URL***
14:00:34.050 [TestNG-tests-2] INFO  com.selenium.testcases.TC_001_LoginTest - **maximize the browser**
14:00:34.059 [TestNG-tests-1] INFO  com.selenium.testcases.TC_001_LoginTest - **maximize the browser**
14:00:34.127 [TestNG-tests-2] INFO  com.selenium.testcases.TC_001_LoginTest - ***TC_001_Login ***
14:00:34.127 [TestNG-tests-1] INFO  com.selenium.testcases.TC_001_LoginTest - ***TC_001_Login ***
14:00:34.180 [TestNG-tests-2] INFO  com.selenium.testcases.TC_001_LoginTest - ***created homepageobject ***
14:00:34.185 [TestNG-tests-1] INFO  com.selenium.testcases.TC_001_LoginTest - ***created homepageobject ***
14:00:34.417 [TestNG-tests-2] INFO  com.selenium.testcases.TC_001_LoginTest - ***EnterEmailAddress ***
14:00:34.480 [TestNG-tests-1] INFO  com.selenium.testcases.TC_001_LoginTest - ***EnterEmailAddress ***
14:00:34.610 [TestNG-tests-2] INFO  com.selenium.testcases.TC_001_LoginTest - ***EnterPassword ***
14:00:34.668 [TestNG-tests-1] INFO  com.selenium.testcases.TC_001_LoginTest - ***EnterPassword ***
14:00:35.084 [TestNG-tests-2] INFO  com.selenium.testcases.TC_001_LoginTest - *** ClickedOnLoginButton ***
14:00:41.118 [TestNG-tests-1] INFO  com.selenium.testcases.TC_001_LoginTest - ***closing the browser***
14:00:41.118 [TestNG-tests-2] INFO  com.selenium.testcases.TC_001_LoginTest - ***closing the browser***
14:00:55.665 [TestNG-tests-2] INFO  com.selenium.testcases.TC_001_LoginTest - **open the browser**
14:00:57.510 [TestNG-tests-1] INFO  com.selenium.testcases.TC_001_LoginTest - **open the browser**
14:00:57.761 [TestNG-tests-2] INFO  com.selenium.testcases.TC_001_LoginTest - ***Enter the URL***
14:00:59.113 [TestNG-tests-1] INFO  com.selenium.testcases.TC_001_LoginTest - ***Enter the URL***
14:00:59.276 [TestNG-tests-2] INFO  com.selenium.testcases.TC_001_LoginTest - **maximize the browser**
14:00:59.279 [TestNG-tests-1] INFO  com.selenium.testcases.TC_001_LoginTest - **maximize the browser**
14:00:59.368 [TestNG-tests-1] INFO  com.selenium.testcases.TC_001_LoginTest - ***TC_001_Login ***
14:00:59.370 [TestNG-tests-2] INFO  com.selenium.testcases.TC_001_LoginTest - ***TC_001_Login ***
14:00:59.420 [TestNG-tests-2] INFO  com.selenium.testcases.TC_001_LoginTest - ***created homepageobject ***
14:00:59.420 [TestNG-tests-1] INFO  com.selenium.testcases.TC_001_LoginTest - ***created homepageobject ***
14:00:59.614 [TestNG-tests-1] INFO  com.selenium.testcases.TC_001_LoginTest - ***EnterEmailAddress ***
14:00:59.676 [TestNG-tests-2] INFO  com.selenium.testcases.TC_001_LoginTest - ***EnterEmailAddress ***
14:00:59.803 [TestNG-tests-1] INFO  com.selenium.testcases.TC_001_LoginTest - ***EnterPassword ***
14:00:59.853 [TestNG-tests-2] INFO  com.selenium.testcases.TC_001_LoginTest - ***EnterPassword ***
14:01:00.230 [TestNG-tests-1] INFO  com.selenium.testcases.TC_001_LoginTest - *** ClickedOnLoginButton ***
14:01:59.926 [main] INFO  com.selenium.testcases.TC_001_LoginTest - **open the browser**
14:02:01.543 [main] INFO  com.selenium.testcases.TC_001_LoginTest - ***Enter the URL***
14:02:01.706 [main] INFO  com.selenium.testcases.TC_001_LoginTest - **maximize the browser**
14:02:01.762 [main] INFO  com.selenium.testcases.TC_001_LoginTest - ***TC_001_Login ***
14:02:01.800 [main] INFO  com.selenium.testcases.TC_001_LoginTest - ***created homepageobject ***
14:02:01.981 [main] INFO  com.selenium.testcases.TC_001_LoginTest - ***EnterEmailAddress ***
14:02:02.093 [main] INFO  com.selenium.testcases.TC_001_LoginTest - ***EnterPassword ***
14:02:03.033 [main] INFO  com.selenium.testcases.TC_001_LoginTest - *** ClickedOnLoginButton ***
14:02:03.529 [main] INFO  com.selenium.testcases.TC_001_LoginTest - ***closing the browser***
14:02:05.633 [main] INFO  com.selenium.testcases.TC_001_LoginTest - **open the browser**
14:02:07.167 [main] INFO  com.selenium.testcases.TC_001_LoginTest - ***Enter the URL***
14:02:07.332 [main] INFO  com.selenium.testcases.TC_001_LoginTest - **maximize the browser**
14:02:07.336 [main] INFO  com.selenium.testcases.TC_001_LoginTest - ***TC_001_Login ***
14:02:07.337 [main] INFO  com.selenium.testcases.TC_001_LoginTest - ***created homepageobject ***
14:02:07.528 [main] INFO  com.selenium.testcases.TC_001_LoginTest - ***EnterEmailAddress ***
14:02:07.648 [main] INFO  com.selenium.testcases.TC_001_LoginTest - ***EnterPassword ***
14:02:08.198 [main] INFO  com.selenium.testcases.TC_001_LoginTest - *** ClickedOnLoginButton ***
14:02:09.133 [main] INFO  com.selenium.testcases.TC_001_LoginTest - ***closing the browser***
16:03:35.065 [main] INFO  com.selenium.testcases.TC_001_LoginTest - **open the browser**
16:03:36.633 [main] INFO  com.selenium.testcases.TC_001_LoginTest - ***Enter the URL***
16:03:36.795 [main] INFO  com.selenium.testcases.TC_001_LoginTest - **maximize the browser**
16:03:36.866 [main] INFO  com.selenium.testcases.TC_001_LoginTest - ***TC_001_Login ***
16:03:36.924 [main] INFO  com.selenium.testcases.TC_001_LoginTest - ***created homepageobject ***
16:03:37.129 [main] INFO  com.selenium.testcases.TC_001_LoginTest - ***EnterEmailAddress ***
16:03:37.249 [main] INFO  com.selenium.testcases.TC_001_LoginTest - ***EnterPassword ***
16:03:37.709 [main] INFO  com.selenium.testcases.TC_001_LoginTest - *** ClickedOnLoginButton ***
16:03:38.643 [main] INFO  com.selenium.testcases.TC_001_LoginTest - ***closing the browser***
16:03:41.698 [main] INFO  com.selenium.testcases.TC_001_LoginTest - **open the browser**
16:03:43.191 [main] INFO  com.selenium.testcases.TC_001_LoginTest - ***Enter the URL***
16:03:43.347 [main] INFO  com.selenium.testcases.TC_001_LoginTest - **maximize the browser**
16:03:43.350 [main] INFO  com.selenium.testcases.TC_001_LoginTest - ***TC_001_Login ***
16:03:43.352 [main] INFO  com.selenium.testcases.TC_001_LoginTest - ***created homepageobject ***
16:03:43.547 [main] INFO  com.selenium.testcases.TC_001_LoginTest - ***EnterEmailAddress ***
16:03:43.661 [main] INFO  com.selenium.testcases.TC_001_LoginTest - ***EnterPassword ***
16:03:44.535 [main] INFO  com.selenium.testcases.TC_001_LoginTest - *** ClickedOnLoginButton ***
16:03:44.970 [main] INFO  com.selenium.testcases.TC_001_LoginTest - ***closing the browser***
09:07:37.025 [main] INFO  com.selenium.testcases.TC_001_LoginTest - **open the browser**
09:07:38.636 [main] INFO  com.selenium.testcases.TC_001_LoginTest - ***Enter the URL***
09:07:38.829 [main] INFO  com.selenium.testcases.TC_001_LoginTest - **maximize the browser**
09:07:38.921 [main] INFO  com.selenium.testcases.TC_001_LoginTest - ***TC_001_Login ***
09:07:38.969 [main] INFO  com.selenium.testcases.TC_001_LoginTest - ***created homepageobject ***
09:07:39.146 [main] INFO  com.selenium.testcases.TC_001_LoginTest - ***EnterEmailAddress ***
09:07:39.269 [main] INFO  com.selenium.testcases.TC_001_LoginTest - ***EnterPassword ***
09:07:40.251 [main] INFO  com.selenium.testcases.TC_001_LoginTest - *** ClickedOnLoginButton ***
09:07:40.750 [main] INFO  com.selenium.testcases.TC_001_LoginTest - ***closing the browser***
09:07:44.515 [main] INFO  com.selenium.testcases.TC_001_LoginTest - **open the browser**
09:07:46.064 [main] INFO  com.selenium.testcases.TC_001_LoginTest - ***Enter the URL***
09:07:46.237 [main] INFO  com.selenium.testcases.TC_001_LoginTest - **maximize the browser**
09:07:46.244 [main] INFO  com.selenium.testcases.TC_001_LoginTest - ***TC_001_Login ***
09:07:46.248 [main] INFO  com.selenium.testcases.TC_001_LoginTest - ***created homepageobject ***
09:07:46.471 [main] INFO  com.selenium.testcases.TC_001_LoginTest - ***EnterEmailAddress ***
09:07:46.585 [main] INFO  com.selenium.testcases.TC_001_LoginTest - ***EnterPassword ***
09:07:47.563 [main] INFO  com.selenium.testcases.TC_001_LoginTest - *** ClickedOnLoginButton ***
09:07:48.020 [main] INFO  com.selenium.testcases.TC_001_LoginTest - ***closing the browser***
09:58:01.590 [main] INFO  com.selenium.testcases.TC_002_LoginDTTTest - **open the browser**
09:58:03.185 [main] INFO  com.selenium.testcases.TC_002_LoginDTTTest - ***Enter the URL***
09:58:03.479 [main] INFO  com.selenium.testcases.TC_002_LoginDTTTest - **maximize the browser**
09:58:09.061 [main] INFO  com.selenium.testcases.TC_002_LoginDTTTest - ***closing the browser***
09:58:13.985 [main] INFO  com.selenium.testcases.TC_002_LoginDTTTest - **open the browser**
09:58:15.531 [main] INFO  com.selenium.testcases.TC_002_LoginDTTTest - ***Enter the URL***
09:58:15.791 [main] INFO  com.selenium.testcases.TC_002_LoginDTTTest - **maximize the browser**
09:58:18.113 [main] INFO  com.selenium.testcases.TC_002_LoginDTTTest - ***closing the browser***
09:58:53.869 [main] INFO  com.selenium.testcases.TC_002_LoginDTTTest - **open the browser**
09:58:55.579 [main] INFO  com.selenium.testcases.TC_002_LoginDTTTest - ***Enter the URL***
09:58:55.852 [main] INFO  com.selenium.testcases.TC_002_LoginDTTTest - **maximize the browser**
09:58:59.798 [main] INFO  com.selenium.testcases.TC_002_LoginDTTTest - ***TC_001_LoginDTT ***
09:58:59.886 [main] INFO  com.selenium.testcases.TC_002_LoginDTTTest - ***created homepageobject ***
09:59:00.223 [main] INFO  com.selenium.testcases.TC_002_LoginDTTTest - ***EnterEmailAddress ***
09:59:00.434 [main] INFO  com.selenium.testcases.TC_002_LoginDTTTest - ***EnterPassword ***
09:59:01.031 [main] INFO  com.selenium.testcases.TC_002_LoginDTTTest - *** ClickedOnLoginButton ***
09:59:01.079 [main] INFO  com.selenium.testcases.TC_002_LoginDTTTest - ***Accepting the alret message***
09:59:01.375 [main] INFO  com.selenium.testcases.TC_002_LoginDTTTest - ***ClearEmailInput***
09:59:01.464 [main] INFO  com.selenium.testcases.TC_002_LoginDTTTest - *** ClearPasswordInput ***
09:59:01.515 [main] INFO  com.selenium.testcases.TC_002_LoginDTTTest - ***TC_001_LoginDTT ***
09:59:01.518 [main] INFO  com.selenium.testcases.TC_002_LoginDTTTest - ***created homepageobject ***
09:59:01.677 [main] INFO  com.selenium.testcases.TC_002_LoginDTTTest - ***EnterEmailAddress ***
09:59:01.836 [main] INFO  com.selenium.testcases.TC_002_LoginDTTTest - ***EnterPassword ***
09:59:02.352 [main] INFO  com.selenium.testcases.TC_002_LoginDTTTest - *** ClickedOnLoginButton ***
09:59:02.368 [main] INFO  com.selenium.testcases.TC_002_LoginDTTTest - ***Accepting the alret message***
09:59:02.475 [main] INFO  com.selenium.testcases.TC_002_LoginDTTTest - ***ClearEmailInput***
09:59:02.557 [main] INFO  com.selenium.testcases.TC_002_LoginDTTTest - *** ClearPasswordInput ***
09:59:02.575 [main] INFO  com.selenium.testcases.TC_002_LoginDTTTest - ***TC_001_LoginDTT ***
09:59:02.578 [main] INFO  com.selenium.testcases.TC_002_LoginDTTTest - ***created homepageobject ***
09:59:02.717 [main] INFO  com.selenium.testcases.TC_002_LoginDTTTest - ***EnterEmailAddress ***
09:59:02.837 [main] INFO  com.selenium.testcases.TC_002_LoginDTTTest - ***EnterPassword ***
09:59:03.279 [main] INFO  com.selenium.testcases.TC_002_LoginDTTTest - *** ClickedOnLoginButton ***
09:59:03.311 [main] INFO  com.selenium.testcases.TC_002_LoginDTTTest - ***Accepting the alret message***
09:59:03.419 [main] INFO  com.selenium.testcases.TC_002_LoginDTTTest - ***ClearEmailInput***
09:59:03.487 [main] INFO  com.selenium.testcases.TC_002_LoginDTTTest - *** ClearPasswordInput ***
09:59:03.500 [main] INFO  com.selenium.testcases.TC_002_LoginDTTTest - ***TC_001_LoginDTT ***
09:59:03.501 [main] INFO  com.selenium.testcases.TC_002_LoginDTTTest - ***created homepageobject ***
09:59:03.651 [main] INFO  com.selenium.testcases.TC_002_LoginDTTTest - ***EnterEmailAddress ***
09:59:03.753 [main] INFO  com.selenium.testcases.TC_002_LoginDTTTest - ***EnterPassword ***
09:59:04.261 [main] INFO  com.selenium.testcases.TC_002_LoginDTTTest - *** ClickedOnLoginButton ***
09:59:04.295 [main] INFO  com.selenium.testcases.TC_002_LoginDTTTest - ***Accepting the alret message***
09:59:04.703 [main] INFO  com.selenium.testcases.TC_002_LoginDTTTest - ***ClearEmailInput***
09:59:04.881 [main] INFO  com.selenium.testcases.TC_002_LoginDTTTest - *** ClearPasswordInput ***
09:59:04.899 [main] INFO  com.selenium.testcases.TC_002_LoginDTTTest - ***TC_001_LoginDTT ***
09:59:04.901 [main] INFO  com.selenium.testcases.TC_002_LoginDTTTest - ***created homepageobject ***
09:59:05.234 [main] INFO  com.selenium.testcases.TC_002_LoginDTTTest - ***EnterEmailAddress ***
09:59:05.586 [main] INFO  com.selenium.testcases.TC_002_LoginDTTTest - ***EnterPassword ***
09:59:06.862 [main] INFO  com.selenium.testcases.TC_002_LoginDTTTest - *** ClickedOnLoginButton ***
09:59:07.713 [main] INFO  com.selenium.testcases.TC_002_LoginDTTTest - ***closing the browser***
09:59:11.208 [main] INFO  com.selenium.testcases.TC_002_LoginDTTTest - **open the browser**
09:59:12.696 [main] INFO  com.selenium.testcases.TC_002_LoginDTTTest - ***Enter the URL***
09:59:12.918 [main] INFO  com.selenium.testcases.TC_002_LoginDTTTest - **maximize the browser**
09:59:14.382 [main] INFO  com.selenium.testcases.TC_002_LoginDTTTest - ***TC_001_LoginDTT ***
09:59:14.384 [main] INFO  com.selenium.testcases.TC_002_LoginDTTTest - ***created homepageobject ***
09:59:14.952 [main] INFO  com.selenium.testcases.TC_002_LoginDTTTest - ***EnterEmailAddress ***
09:59:15.255 [main] INFO  com.selenium.testcases.TC_002_LoginDTTTest - ***EnterPassword ***
09:59:15.911 [main] INFO  com.selenium.testcases.TC_002_LoginDTTTest - *** ClickedOnLoginButton ***
09:59:15.936 [main] INFO  com.selenium.testcases.TC_002_LoginDTTTest - ***Accepting the alret message***
09:59:16.195 [main] INFO  com.selenium.testcases.TC_002_LoginDTTTest - ***ClearEmailInput***
09:59:16.322 [main] INFO  com.selenium.testcases.TC_002_LoginDTTTest - *** ClearPasswordInput ***
09:59:16.334 [main] INFO  com.selenium.testcases.TC_002_LoginDTTTest - ***TC_001_LoginDTT ***
09:59:16.336 [main] INFO  com.selenium.testcases.TC_002_LoginDTTTest - ***created homepageobject ***
09:59:16.529 [main] INFO  com.selenium.testcases.TC_002_LoginDTTTest - ***EnterEmailAddress ***
09:59:16.734 [main] INFO  com.selenium.testcases.TC_002_LoginDTTTest - ***EnterPassword ***
09:59:17.187 [main] INFO  com.selenium.testcases.TC_002_LoginDTTTest - *** ClickedOnLoginButton ***
09:59:17.223 [main] INFO  com.selenium.testcases.TC_002_LoginDTTTest - ***Accepting the alret message***
09:59:17.438 [main] INFO  com.selenium.testcases.TC_002_LoginDTTTest - ***ClearEmailInput***
09:59:17.617 [main] INFO  com.selenium.testcases.TC_002_LoginDTTTest - *** ClearPasswordInput ***
09:59:17.636 [main] INFO  com.selenium.testcases.TC_002_LoginDTTTest - ***TC_001_LoginDTT ***
09:59:17.638 [main] INFO  com.selenium.testcases.TC_002_LoginDTTTest - ***created homepageobject ***
09:59:17.869 [main] INFO  com.selenium.testcases.TC_002_LoginDTTTest - ***EnterEmailAddress ***
09:59:18.118 [main] INFO  com.selenium.testcases.TC_002_LoginDTTTest - ***EnterPassword ***
09:59:18.637 [main] INFO  com.selenium.testcases.TC_002_LoginDTTTest - *** ClickedOnLoginButton ***
09:59:18.672 [main] INFO  com.selenium.testcases.TC_002_LoginDTTTest - ***Accepting the alret message***
09:59:18.900 [main] INFO  com.selenium.testcases.TC_002_LoginDTTTest - ***ClearEmailInput***
09:59:19.083 [main] INFO  com.selenium.testcases.TC_002_LoginDTTTest - *** ClearPasswordInput ***
09:59:19.109 [main] INFO  com.selenium.testcases.TC_002_LoginDTTTest - ***TC_001_LoginDTT ***
09:59:19.111 [main] INFO  com.selenium.testcases.TC_002_LoginDTTTest - ***created homepageobject ***
09:59:19.374 [main] INFO  com.selenium.testcases.TC_002_LoginDTTTest - ***EnterEmailAddress ***
09:59:19.631 [main] INFO  com.selenium.testcases.TC_002_LoginDTTTest - ***EnterPassword ***
09:59:20.161 [main] INFO  com.selenium.testcases.TC_002_LoginDTTTest - *** ClickedOnLoginButton ***
09:59:20.226 [main] INFO  com.selenium.testcases.TC_002_LoginDTTTest - ***Accepting the alret message***
09:59:20.563 [main] INFO  com.selenium.testcases.TC_002_LoginDTTTest - ***ClearEmailInput***
09:59:20.771 [main] INFO  com.selenium.testcases.TC_002_LoginDTTTest - *** ClearPasswordInput ***
09:59:20.788 [main] INFO  com.selenium.testcases.TC_002_LoginDTTTest - ***TC_001_LoginDTT ***
09:59:20.791 [main] INFO  com.selenium.testcases.TC_002_LoginDTTTest - ***created homepageobject ***
09:59:21.111 [main] INFO  com.selenium.testcases.TC_002_LoginDTTTest - ***EnterEmailAddress ***
09:59:21.360 [main] INFO  com.selenium.testcases.TC_002_LoginDTTTest - ***EnterPassword ***
09:59:22.629 [main] INFO  com.selenium.testcases.TC_002_LoginDTTTest - *** ClickedOnLoginButton ***
09:59:23.283 [main] INFO  com.selenium.testcases.TC_002_LoginDTTTest - ***closing the browser***
09:43:51.668 [main] INFO  com.selenium.testcases.TC_001_LoginTest - **open the browser**
09:47:33.366 [main] INFO  com.selenium.testcases.TC_001_LoginTest - **open the browser**
09:50:55.440 [main] INFO  com.selenium.testcases.TC_001_LoginTest - **open the browser**
10:23:35.617 [main] INFO  com.selenium.testcases.TC_001_LoginTest - **open the browser**
10:24:17.942 [main] INFO  com.selenium.testcases.TC_001_LoginTest - ***Enter the URL***
10:25:15.804 [main] INFO  com.selenium.testcases.TC_001_LoginTest - **maximize the browser**
10:25:38.033 [main] INFO  com.selenium.testcases.TC_001_LoginTest - ***TC_001_Login ***
10:25:39.255 [main] INFO  com.selenium.testcases.TC_001_LoginTest - ***created homepageobject ***
10:25:40.468 [main] INFO  com.selenium.testcases.TC_001_LoginTest - ***EnterEmailAddress ***
10:25:40.663 [main] INFO  com.selenium.testcases.TC_001_LoginTest - ***EnterPassword ***
10:25:41.944 [main] INFO  com.selenium.testcases.TC_001_LoginTest - *** ClickedOnLoginButton ***
10:25:43.165 [main] INFO  com.selenium.testcases.TC_001_LoginTest - ***closing the browser***
10:25:52.089 [main] INFO  com.selenium.testcases.TC_001_LoginTest - **open the browser**
10:36:15.650 [main] INFO  com.selenium.testcases.TC_001_LoginTest - **open the browser**
10:37:36.757 [main] INFO  com.selenium.testcases.TC_001_LoginTest - ***Enter the URL***
10:37:47.502 [main] INFO  com.selenium.testcases.TC_001_LoginTest - **maximize the browser**
10:37:56.316 [main] INFO  com.selenium.testcases.TC_001_LoginTest - ***TC_001_Login ***
10:37:56.321 [main] INFO  com.selenium.testcases.TC_001_LoginTest - ***created homepageobject ***
10:37:56.747 [main] INFO  com.selenium.testcases.TC_001_LoginTest - ***EnterEmailAddress ***
10:37:57.048 [main] INFO  com.selenium.testcases.TC_001_LoginTest - ***EnterPassword ***
10:37:58.312 [main] INFO  com.selenium.testcases.TC_001_LoginTest - *** ClickedOnLoginButton ***
10:37:59.206 [main] INFO  com.selenium.testcases.TC_001_LoginTest - ***closing the browser***
00:41:11.322 [main] INFO  com.selenium.testcases.TC_001_LoginTest - **open the browser**
00:41:14.370 [main] INFO  com.selenium.testcases.TC_001_LoginTest - ***Enter the URL***
00:41:14.582 [main] INFO  com.selenium.testcases.TC_001_LoginTest - **maximize the browser**
00:41:14.690 [main] INFO  com.selenium.testcases.TC_001_LoginTest - ***TC_001_Login ***
00:41:14.725 [main] INFO  com.selenium.testcases.TC_001_LoginTest - ***created homepageobject ***
00:41:14.868 [main] INFO  com.selenium.testcases.TC_001_LoginTest - ***EnterEmailAddress ***
00:41:14.985 [main] INFO  com.selenium.testcases.TC_001_LoginTest - ***EnterPassword ***
00:41:15.463 [main] INFO  com.selenium.testcases.TC_001_LoginTest - *** ClickedOnLoginButton ***
00:41:16.279 [main] INFO  com.selenium.testcases.TC_001_LoginTest - ***closing the browser***
00:41:27.125 [main] INFO  com.selenium.testcases.TC_001_LoginTest - **open the browser**
00:41:29.172 [main] INFO  com.selenium.testcases.TC_001_LoginTest - **open the browser**
00:41:31.721 [main] INFO  com.selenium.testcases.TC_001_LoginTest - ***Enter the URL***
00:41:31.868 [main] INFO  com.selenium.testcases.TC_001_LoginTest - **maximize the browser**
00:41:31.870 [main] INFO  com.selenium.testcases.TC_001_LoginTest - ***TC_001_Login ***
00:41:31.871 [main] INFO  com.selenium.testcases.TC_001_LoginTest - ***created homepageobject ***
00:41:32.228 [main] INFO  com.selenium.testcases.TC_001_LoginTest - ***EnterEmailAddress ***
00:41:32.376 [main] INFO  com.selenium.testcases.TC_001_LoginTest - ***EnterPassword ***
00:41:34.197 [main] INFO  com.selenium.testcases.TC_001_LoginTest - *** ClickedOnLoginButton ***
00:41:34.567 [main] INFO  com.selenium.testcases.TC_001_LoginTest - ***closing the browser***
08:08:40.446 [main] INFO  com.selenium.testcases.TC_001_LoginTest - **open the browser**
08:08:43.108 [main] INFO  com.selenium.testcases.TC_001_LoginTest - ***Enter the URL***
08:08:43.256 [main] INFO  com.selenium.testcases.TC_001_LoginTest - **maximize the browser**
08:08:43.297 [main] INFO  com.selenium.testcases.TC_001_LoginTest - ***TC_001_Login ***
08:08:43.329 [main] INFO  com.selenium.testcases.TC_001_LoginTest - ***created homepageobject ***
08:08:43.472 [main] INFO  com.selenium.testcases.TC_001_LoginTest - ***EnterEmailAddress ***
08:08:43.563 [main] INFO  com.selenium.testcases.TC_001_LoginTest - ***EnterPassword ***
08:08:44.423 [main] INFO  com.selenium.testcases.TC_001_LoginTest - *** ClickedOnLoginButton ***
08:08:44.837 [main] INFO  com.selenium.testcases.TC_001_LoginTest - ***closing the browser***
08:08:47.047 [main] INFO  com.selenium.testcases.TC_001_LoginTest - **open the browser**
08:08:49.128 [main] INFO  com.selenium.testcases.TC_001_LoginTest - **open the browser**
08:08:51.993 [main] INFO  com.selenium.testcases.TC_001_LoginTest - ***Enter the URL***
08:08:54.477 [main] INFO  com.selenium.testcases.TC_001_LoginTest - **maximize the browser**
08:08:54.482 [main] INFO  com.selenium.testcases.TC_001_LoginTest - ***TC_001_Login ***
08:08:54.483 [main] INFO  com.selenium.testcases.TC_001_LoginTest - ***created homepageobject ***
08:08:54.751 [main] INFO  com.selenium.testcases.TC_001_LoginTest - ***EnterEmailAddress ***
08:08:54.878 [main] INFO  com.selenium.testcases.TC_001_LoginTest - ***EnterPassword ***
08:08:57.150 [main] INFO  com.selenium.testcases.TC_001_LoginTest - *** ClickedOnLoginButton ***
08:08:57.505 [main] INFO  com.selenium.testcases.TC_001_LoginTest - ***closing the browser***
16:06:39.050 [main] INFO  com.selenium.testcases.TC_001_LoginTest - **open the browser**
16:06:41.330 [main] INFO  com.selenium.testcases.TC_001_LoginTest - ***Enter the URL***
16:06:41.479 [main] INFO  com.selenium.testcases.TC_001_LoginTest - **maximize the browser**
16:06:41.555 [main] INFO  com.selenium.testcases.TC_001_LoginTest - ***TC_001_Login ***
16:06:41.610 [main] INFO  com.selenium.testcases.TC_001_LoginTest - ***created homepageobject ***
16:06:41.835 [main] INFO  com.selenium.testcases.TC_001_LoginTest - ***EnterEmailAddress ***
16:06:42.000 [main] INFO  com.selenium.testcases.TC_001_LoginTest - ***EnterPassword ***
16:06:43.820 [main] INFO  com.selenium.testcases.TC_001_LoginTest - *** ClickedOnLoginButton ***
16:06:44.311 [main] INFO  com.selenium.testcases.TC_001_LoginTest - ***closing the browser***
16:06:47.548 [main] INFO  com.selenium.testcases.TC_001_LoginTest - **open the browser**
16:06:49.274 [main] INFO  com.selenium.testcases.TC_001_LoginTest - **open the browser**
16:06:51.555 [main] INFO  com.selenium.testcases.TC_001_LoginTest - ***Enter the URL***
16:06:51.730 [main] INFO  com.selenium.testcases.TC_001_LoginTest - **maximize the browser**
16:06:51.737 [main] INFO  com.selenium.testcases.TC_001_LoginTest - ***TC_001_Login ***
16:06:51.740 [main] INFO  com.selenium.testcases.TC_001_LoginTest - ***created homepageobject ***
16:06:52.121 [main] INFO  com.selenium.testcases.TC_001_LoginTest - ***EnterEmailAddress ***
16:06:52.292 [main] INFO  com.selenium.testcases.TC_001_LoginTest - ***EnterPassword ***
16:06:53.643 [main] INFO  com.selenium.testcases.TC_001_LoginTest - *** ClickedOnLoginButton ***
16:06:54.044 [main] INFO  com.selenium.testcases.TC_001_LoginTest - ***closing the browser***
07:49:17.366 [main] INFO  com.selenium.testcases.TC_001_LoginTest - **open the browser**
07:49:20.784 [main] INFO  com.selenium.testcases.TC_001_LoginTest - ***Enter the URL***
07:49:20.945 [main] INFO  com.selenium.testcases.TC_001_LoginTest - **maximize the browser**
07:49:20.960 [main] INFO  com.selenium.testcases.TC_001_LoginTest - ***TC_001_Login ***
07:49:20.995 [main] INFO  com.selenium.testcases.TC_001_LoginTest - ***created homepageobject ***
07:49:21.147 [main] INFO  com.selenium.testcases.TC_001_LoginTest - ***EnterEmailAddress ***
07:49:21.229 [main] INFO  com.selenium.testcases.TC_001_LoginTest - ***EnterPassword ***
07:49:22.354 [main] INFO  com.selenium.testcases.TC_001_LoginTest - *** ClickedOnLoginButton ***
07:49:22.626 [main] INFO  com.selenium.testcases.TC_001_LoginTest - ***closing the browser***
07:49:25.741 [main] INFO  com.selenium.testcases.TC_001_LoginTest - **open the browser**
07:49:27.773 [main] INFO  com.selenium.testcases.TC_001_LoginTest - ***Enter the URL***
07:49:27.935 [main] INFO  com.selenium.testcases.TC_001_LoginTest - **maximize the browser**
07:49:27.939 [main] INFO  com.selenium.testcases.TC_001_LoginTest - ***TC_001_Login ***
07:49:27.940 [main] INFO  com.selenium.testcases.TC_001_LoginTest - ***created homepageobject ***
07:49:28.076 [main] INFO  com.selenium.testcases.TC_001_LoginTest - ***EnterEmailAddress ***
07:49:28.165 [main] INFO  com.selenium.testcases.TC_001_LoginTest - ***EnterPassword ***
07:49:29.195 [main] INFO  com.selenium.testcases.TC_001_LoginTest - *** ClickedOnLoginButton ***
07:49:29.550 [main] INFO  com.selenium.testcases.TC_001_LoginTest - ***closing the browser***
08:05:06.429 [main] INFO  com.selenium.testcases.TC_001_LoginTest - **open the browser**
08:05:08.146 [main] INFO  com.selenium.testcases.TC_001_LoginTest - ***Enter the URL***
08:05:08.303 [main] INFO  com.selenium.testcases.TC_001_LoginTest - **maximize the browser**
08:05:08.324 [main] INFO  com.selenium.testcases.TC_001_LoginTest - ***TC_001_Login ***
08:05:08.376 [main] INFO  com.selenium.testcases.TC_001_LoginTest - ***created homepageobject ***
08:05:08.520 [main] INFO  com.selenium.testcases.TC_001_LoginTest - ***EnterEmailAddress ***
08:05:08.592 [main] INFO  com.selenium.testcases.TC_001_LoginTest - ***EnterPassword ***
08:05:09.535 [main] INFO  com.selenium.testcases.TC_001_LoginTest - *** ClickedOnLoginButton ***
08:05:09.814 [main] INFO  com.selenium.testcases.TC_001_LoginTest - ***closing the browser***
08:05:11.950 [main] INFO  com.selenium.testcases.TC_001_LoginTest - **open the browser**
08:05:13.624 [main] INFO  com.selenium.testcases.TC_001_LoginTest - ***Enter the URL***
08:05:13.771 [main] INFO  com.selenium.testcases.TC_001_LoginTest - **maximize the browser**
08:05:13.773 [main] INFO  com.selenium.testcases.TC_001_LoginTest - ***TC_001_Login ***
08:05:13.774 [main] INFO  com.selenium.testcases.TC_001_LoginTest - ***created homepageobject ***
08:05:13.928 [main] INFO  com.selenium.testcases.TC_001_LoginTest - ***EnterEmailAddress ***
08:05:14.018 [main] INFO  com.selenium.testcases.TC_001_LoginTest - ***EnterPassword ***
08:05:14.942 [main] INFO  com.selenium.testcases.TC_001_LoginTest - *** ClickedOnLoginButton ***
08:05:15.283 [main] INFO  com.selenium.testcases.TC_001_LoginTest - ***closing the browser***
08:08:20.251 [main] INFO  com.selenium.testcases.TC_002_LoginDTTTest - **open the browser**
08:08:21.044 [main] INFO  com.selenium.testcases.TC_002_LoginDTTTest - ***Enter the URL***
08:08:22.013 [main] INFO  com.selenium.testcases.TC_002_LoginDTTTest - **maximize the browser**
08:08:22.024 [main] INFO  com.selenium.testcases.TC_002_LoginDTTTest - ***TC_001_LoginDTT ***
08:08:22.042 [main] INFO  com.selenium.testcases.TC_002_LoginDTTTest - ***created homepageobject ***
08:08:22.190 [main] INFO  com.selenium.testcases.TC_002_LoginDTTTest - ***EnterEmailAddress ***
08:08:22.255 [main] INFO  com.selenium.testcases.TC_002_LoginDTTTest - ***EnterPassword ***
08:08:22.605 [main] INFO  com.selenium.testcases.TC_002_LoginDTTTest - *** ClickedOnLoginButton ***
08:08:22.622 [main] INFO  com.selenium.testcases.TC_002_LoginDTTTest - ***Accepting the alret message***
08:08:22.706 [main] INFO  com.selenium.testcases.TC_002_LoginDTTTest - ***ClearEmailInput***
08:08:22.761 [main] INFO  com.selenium.testcases.TC_002_LoginDTTTest - *** ClearPasswordInput ***
08:08:22.996 [main] INFO  com.selenium.testcases.TC_002_LoginDTTTest - ***closing the browser***
08:08:24.199 [main] INFO  com.selenium.testcases.TC_002_LoginDTTTest - **open the browser**
08:08:28.073 [main] INFO  com.selenium.testcases.TC_002_LoginDTTTest - ***Enter the URL***
08:08:28.215 [main] INFO  com.selenium.testcases.TC_002_LoginDTTTest - **maximize the browser**
08:08:28.216 [main] INFO  com.selenium.testcases.TC_002_LoginDTTTest - ***TC_001_LoginDTT ***
08:08:28.217 [main] INFO  com.selenium.testcases.TC_002_LoginDTTTest - ***created homepageobject ***
08:08:28.373 [main] INFO  com.selenium.testcases.TC_002_LoginDTTTest - ***EnterEmailAddress ***
08:08:28.448 [main] INFO  com.selenium.testcases.TC_002_LoginDTTTest - ***EnterPassword ***
08:08:28.740 [main] INFO  com.selenium.testcases.TC_002_LoginDTTTest - *** ClickedOnLoginButton ***
08:08:28.773 [main] INFO  com.selenium.testcases.TC_002_LoginDTTTest - ***Accepting the alret message***
08:08:28.840 [main] INFO  com.selenium.testcases.TC_002_LoginDTTTest - ***ClearEmailInput***
08:08:28.879 [main] INFO  com.selenium.testcases.TC_002_LoginDTTTest - *** ClearPasswordInput ***
08:08:29.121 [main] INFO  com.selenium.testcases.TC_002_LoginDTTTest - ***closing the browser***
08:08:30.428 [main] INFO  com.selenium.testcases.TC_002_LoginDTTTest - **open the browser**
08:08:32.345 [main] INFO  com.selenium.testcases.TC_002_LoginDTTTest - ***Enter the URL***
08:08:32.472 [main] INFO  com.selenium.testcases.TC_002_LoginDTTTest - **maximize the browser**
08:08:32.474 [main] INFO  com.selenium.testcases.TC_002_LoginDTTTest - ***TC_001_LoginDTT ***
08:08:32.474 [main] INFO  com.selenium.testcases.TC_002_LoginDTTTest - ***created homepageobject ***
08:08:32.607 [main] INFO  com.selenium.testcases.TC_002_LoginDTTTest - ***EnterEmailAddress ***
08:08:32.696 [main] INFO  com.selenium.testcases.TC_002_LoginDTTTest - ***EnterPassword ***
08:08:33.042 [main] INFO  com.selenium.testcases.TC_002_LoginDTTTest - *** ClickedOnLoginButton ***
08:08:33.053 [main] INFO  com.selenium.testcases.TC_002_LoginDTTTest - ***Accepting the alret message***
08:08:33.132 [main] INFO  com.selenium.testcases.TC_002_LoginDTTTest - ***ClearEmailInput***
08:08:33.179 [main] INFO  com.selenium.testcases.TC_002_LoginDTTTest - *** ClearPasswordInput ***
08:08:33.373 [main] INFO  com.selenium.testcases.TC_002_LoginDTTTest - ***closing the browser***
08:08:34.595 [main] INFO  com.selenium.testcases.TC_002_LoginDTTTest - **open the browser**
08:08:36.678 [main] INFO  com.selenium.testcases.TC_002_LoginDTTTest - ***Enter the URL***
08:08:36.806 [main] INFO  com.selenium.testcases.TC_002_LoginDTTTest - **maximize the browser**
08:08:36.808 [main] INFO  com.selenium.testcases.TC_002_LoginDTTTest - ***TC_001_LoginDTT ***
08:08:36.809 [main] INFO  com.selenium.testcases.TC_002_LoginDTTTest - ***created homepageobject ***
08:08:36.965 [main] INFO  com.selenium.testcases.TC_002_LoginDTTTest - ***EnterEmailAddress ***
08:08:37.049 [main] INFO  com.selenium.testcases.TC_002_LoginDTTTest - ***EnterPassword ***
08:08:37.333 [main] INFO  com.selenium.testcases.TC_002_LoginDTTTest - *** ClickedOnLoginButton ***
08:08:37.346 [main] INFO  com.selenium.testcases.TC_002_LoginDTTTest - ***Accepting the alret message***
08:08:37.432 [main] INFO  com.selenium.testcases.TC_002_LoginDTTTest - ***ClearEmailInput***
08:08:37.482 [main] INFO  com.selenium.testcases.TC_002_LoginDTTTest - *** ClearPasswordInput ***
08:08:37.679 [main] INFO  com.selenium.testcases.TC_002_LoginDTTTest - ***closing the browser***
08:08:38.890 [main] INFO  com.selenium.testcases.TC_002_LoginDTTTest - **open the browser**
08:08:39.701 [main] INFO  com.selenium.testcases.TC_002_LoginDTTTest - ***Enter the URL***
08:08:41.245 [main] INFO  com.selenium.testcases.TC_002_LoginDTTTest - **maximize the browser**
08:08:41.247 [main] INFO  com.selenium.testcases.TC_002_LoginDTTTest - ***TC_001_LoginDTT ***
08:08:41.248 [main] INFO  com.selenium.testcases.TC_002_LoginDTTTest - ***created homepageobject ***
08:08:41.446 [main] INFO  com.selenium.testcases.TC_002_LoginDTTTest - ***EnterEmailAddress ***
08:08:41.537 [main] INFO  com.selenium.testcases.TC_002_LoginDTTTest - ***EnterPassword ***
08:08:42.421 [main] INFO  com.selenium.testcases.TC_002_LoginDTTTest - *** ClickedOnLoginButton ***
08:08:42.624 [main] INFO  com.selenium.testcases.TC_002_LoginDTTTest - ***closing the browser***
15:50:57.144 [main] INFO  com.selenium.testcases.TC_002_LoginDTTTest - **open the browser**
15:50:58.940 [main] INFO  com.selenium.testcases.TC_002_LoginDTTTest - ***Enter the URL***
15:50:59.106 [main] INFO  com.selenium.testcases.TC_002_LoginDTTTest - **maximize the browser**
15:50:59.143 [main] INFO  com.selenium.testcases.TC_002_LoginDTTTest - ***TC_001_LoginDTT ***
15:50:59.234 [main] INFO  com.selenium.testcases.TC_002_LoginDTTTest - ***created homepageobject ***
15:50:59.456 [main] INFO  com.selenium.testcases.TC_002_LoginDTTTest - ***EnterEmailAddress ***
15:50:59.586 [main] INFO  com.selenium.testcases.TC_002_LoginDTTTest - ***EnterPassword ***
15:50:59.967 [main] INFO  com.selenium.testcases.TC_002_LoginDTTTest - *** ClickedOnLoginButton ***
15:50:59.998 [main] INFO  com.selenium.testcases.TC_002_LoginDTTTest - ***Accepting the alret message***
15:51:00.135 [main] INFO  com.selenium.testcases.TC_002_LoginDTTTest - ***ClearEmailInput***
15:51:00.293 [main] INFO  com.selenium.testcases.TC_002_LoginDTTTest - *** ClearPasswordInput ***
15:51:00.783 [main] INFO  com.selenium.testcases.TC_002_LoginDTTTest - ***closing the browser***
15:51:02.716 [main] INFO  com.selenium.testcases.TC_002_LoginDTTTest - **open the browser**
15:51:05.157 [main] INFO  com.selenium.testcases.TC_002_LoginDTTTest - ***Enter the URL***
15:51:05.313 [main] INFO  com.selenium.testcases.TC_002_LoginDTTTest - **maximize the browser**
15:51:05.320 [main] INFO  com.selenium.testcases.TC_002_LoginDTTTest - ***TC_001_LoginDTT ***
15:51:05.323 [main] INFO  com.selenium.testcases.TC_002_LoginDTTTest - ***created homepageobject ***
15:51:05.552 [main] INFO  com.selenium.testcases.TC_002_LoginDTTTest - ***EnterEmailAddress ***
15:51:05.699 [main] INFO  com.selenium.testcases.TC_002_LoginDTTTest - ***EnterPassword ***
15:51:06.101 [main] INFO  com.selenium.testcases.TC_002_LoginDTTTest - *** ClickedOnLoginButton ***
15:51:06.125 [main] INFO  com.selenium.testcases.TC_002_LoginDTTTest - ***Accepting the alret message***
15:51:06.257 [main] INFO  com.selenium.testcases.TC_002_LoginDTTTest - ***ClearEmailInput***
15:51:06.359 [main] INFO  com.selenium.testcases.TC_002_LoginDTTTest - *** ClearPasswordInput ***
15:51:06.662 [main] INFO  com.selenium.testcases.TC_002_LoginDTTTest - ***closing the browser***
15:51:08.650 [main] INFO  com.selenium.testcases.TC_002_LoginDTTTest - **open the browser**
15:51:10.494 [main] INFO  com.selenium.testcases.TC_002_LoginDTTTest - ***Enter the URL***
15:51:10.661 [main] INFO  com.selenium.testcases.TC_002_LoginDTTTest - **maximize the browser**
15:51:10.672 [main] INFO  com.selenium.testcases.TC_002_LoginDTTTest - ***TC_001_LoginDTT ***
15:51:10.682 [main] INFO  com.selenium.testcases.TC_002_LoginDTTTest - ***created homepageobject ***
15:51:10.914 [main] INFO  com.selenium.testcases.TC_002_LoginDTTTest - ***EnterEmailAddress ***
15:51:11.063 [main] INFO  com.selenium.testcases.TC_002_LoginDTTTest - ***EnterPassword ***
15:51:11.443 [main] INFO  com.selenium.testcases.TC_002_LoginDTTTest - *** ClickedOnLoginButton ***
15:51:11.467 [main] INFO  com.selenium.testcases.TC_002_LoginDTTTest - ***Accepting the alret message***
15:51:11.603 [main] INFO  com.selenium.testcases.TC_002_LoginDTTTest - ***ClearEmailInput***
15:51:11.700 [main] INFO  com.selenium.testcases.TC_002_LoginDTTTest - *** ClearPasswordInput ***
15:51:12.098 [main] INFO  com.selenium.testcases.TC_002_LoginDTTTest - ***closing the browser***
15:51:14.262 [main] INFO  com.selenium.testcases.TC_002_LoginDTTTest - **open the browser**
15:51:16.040 [main] INFO  com.selenium.testcases.TC_002_LoginDTTTest - ***Enter the URL***
15:51:16.211 [main] INFO  com.selenium.testcases.TC_002_LoginDTTTest - **maximize the browser**
15:51:16.216 [main] INFO  com.selenium.testcases.TC_002_LoginDTTTest - ***TC_001_LoginDTT ***
15:51:16.217 [main] INFO  com.selenium.testcases.TC_002_LoginDTTTest - ***created homepageobject ***
15:51:16.454 [main] INFO  com.selenium.testcases.TC_002_LoginDTTTest - ***EnterEmailAddress ***
15:51:16.607 [main] INFO  com.selenium.testcases.TC_002_LoginDTTTest - ***EnterPassword ***
15:51:16.961 [main] INFO  com.selenium.testcases.TC_002_LoginDTTTest - *** ClickedOnLoginButton ***
15:51:16.983 [main] INFO  com.selenium.testcases.TC_002_LoginDTTTest - ***Accepting the alret message***
15:51:17.125 [main] INFO  com.selenium.testcases.TC_002_LoginDTTTest - ***ClearEmailInput***
15:51:17.221 [main] INFO  com.selenium.testcases.TC_002_LoginDTTTest - *** ClearPasswordInput ***
15:51:17.547 [main] INFO  com.selenium.testcases.TC_002_LoginDTTTest - ***closing the browser***
15:51:19.461 [main] INFO  com.selenium.testcases.TC_002_LoginDTTTest - **open the browser**
15:51:21.201 [main] INFO  com.selenium.testcases.TC_002_LoginDTTTest - ***Enter the URL***
15:51:21.361 [main] INFO  com.selenium.testcases.TC_002_LoginDTTTest - **maximize the browser**
15:51:21.367 [main] INFO  com.selenium.testcases.TC_002_LoginDTTTest - ***TC_001_LoginDTT ***
15:51:21.369 [main] INFO  com.selenium.testcases.TC_002_LoginDTTTest - ***created homepageobject ***
15:51:21.635 [main] INFO  com.selenium.testcases.TC_002_LoginDTTTest - ***EnterEmailAddress ***
15:51:21.769 [main] INFO  com.selenium.testcases.TC_002_LoginDTTTest - ***EnterPassword ***
15:51:22.375 [main] INFO  com.selenium.testcases.TC_002_LoginDTTTest - *** ClickedOnLoginButton ***
15:51:22.673 [main] INFO  com.selenium.testcases.TC_002_LoginDTTTest - ***closing the browser***
16:34:35.482 [main] INFO  com.selenium.testcases.TC_002_LoginDTTTest - **open the browser**
16:34:37.316 [main] INFO  com.selenium.testcases.TC_002_LoginDTTTest - ***Enter the URL***
16:34:37.509 [main] INFO  com.selenium.testcases.TC_002_LoginDTTTest - **maximize the browser**
16:34:37.539 [main] INFO  com.selenium.testcases.TC_002_LoginDTTTest - ***TC_001_LoginDTT ***
16:34:37.679 [main] INFO  com.selenium.testcases.TC_002_LoginDTTTest - ***created homepageobject ***
16:34:37.940 [main] INFO  com.selenium.testcases.TC_002_LoginDTTTest - ***EnterEmailAddress ***
16:34:38.146 [main] INFO  com.selenium.testcases.TC_002_LoginDTTTest - ***EnterPassword ***
16:34:38.542 [main] INFO  com.selenium.testcases.TC_002_LoginDTTTest - *** ClickedOnLoginButton ***
16:34:38.576 [main] INFO  com.selenium.testcases.TC_002_LoginDTTTest - ***Accepting the alret message***
16:34:38.788 [main] INFO  com.selenium.testcases.TC_002_LoginDTTTest - ***ClearEmailInput***
16:34:38.902 [main] INFO  com.selenium.testcases.TC_002_LoginDTTTest - *** ClearPasswordInput ***
16:34:39.349 [main] INFO  com.selenium.testcases.TC_002_LoginDTTTest - ***closing the browser***
16:34:41.753 [main] INFO  com.selenium.testcases.TC_002_LoginDTTTest - **open the browser**
16:34:43.735 [main] INFO  com.selenium.testcases.TC_002_LoginDTTTest - ***Enter the URL***
16:34:43.878 [main] INFO  com.selenium.testcases.TC_002_LoginDTTTest - **maximize the browser**
16:34:43.893 [main] INFO  com.selenium.testcases.TC_002_LoginDTTTest - ***TC_001_LoginDTT ***
16:34:43.894 [main] INFO  com.selenium.testcases.TC_002_LoginDTTTest - ***created homepageobject ***
16:34:44.103 [main] INFO  com.selenium.testcases.TC_002_LoginDTTTest - ***EnterEmailAddress ***
16:34:44.244 [main] INFO  com.selenium.testcases.TC_002_LoginDTTTest - ***EnterPassword ***
16:34:44.660 [main] INFO  com.selenium.testcases.TC_002_LoginDTTTest - *** ClickedOnLoginButton ***
16:34:44.722 [main] INFO  com.selenium.testcases.TC_002_LoginDTTTest - ***Accepting the alret message***
16:34:44.856 [main] INFO  com.selenium.testcases.TC_002_LoginDTTTest - ***ClearEmailInput***
16:34:44.943 [main] INFO  com.selenium.testcases.TC_002_LoginDTTTest - *** ClearPasswordInput ***
16:34:45.285 [main] INFO  com.selenium.testcases.TC_002_LoginDTTTest - ***closing the browser***
16:34:47.292 [main] INFO  com.selenium.testcases.TC_002_LoginDTTTest - **open the browser**
16:34:48.818 [main] INFO  com.selenium.testcases.TC_002_LoginDTTTest - ***Enter the URL***
16:34:48.969 [main] INFO  com.selenium.testcases.TC_002_LoginDTTTest - **maximize the browser**
16:34:48.977 [main] INFO  com.selenium.testcases.TC_002_LoginDTTTest - ***TC_001_LoginDTT ***
16:34:48.979 [main] INFO  com.selenium.testcases.TC_002_LoginDTTTest - ***created homepageobject ***
16:34:49.193 [main] INFO  com.selenium.testcases.TC_002_LoginDTTTest - ***EnterEmailAddress ***
16:34:49.334 [main] INFO  com.selenium.testcases.TC_002_LoginDTTTest - ***EnterPassword ***
16:34:49.676 [main] INFO  com.selenium.testcases.TC_002_LoginDTTTest - *** ClickedOnLoginButton ***
16:34:49.693 [main] INFO  com.selenium.testcases.TC_002_LoginDTTTest - ***Accepting the alret message***
16:34:49.825 [main] INFO  com.selenium.testcases.TC_002_LoginDTTTest - ***ClearEmailInput***
16:34:49.904 [main] INFO  com.selenium.testcases.TC_002_LoginDTTTest - *** ClearPasswordInput ***
16:34:50.250 [main] INFO  com.selenium.testcases.TC_002_LoginDTTTest - ***closing the browser***
16:34:52.177 [main] INFO  com.selenium.testcases.TC_002_LoginDTTTest - **open the browser**
16:34:53.812 [main] INFO  com.selenium.testcases.TC_002_LoginDTTTest - ***Enter the URL***
16:34:53.949 [main] INFO  com.selenium.testcases.TC_002_LoginDTTTest - **maximize the browser**
16:34:53.958 [main] INFO  com.selenium.testcases.TC_002_LoginDTTTest - ***TC_001_LoginDTT ***
16:34:53.961 [main] INFO  com.selenium.testcases.TC_002_LoginDTTTest - ***created homepageobject ***
16:34:54.195 [main] INFO  com.selenium.testcases.TC_002_LoginDTTTest - ***EnterEmailAddress ***
16:34:54.324 [main] INFO  com.selenium.testcases.TC_002_LoginDTTTest - ***EnterPassword ***
16:34:54.696 [main] INFO  com.selenium.testcases.TC_002_LoginDTTTest - *** ClickedOnLoginButton ***
16:34:54.714 [main] INFO  com.selenium.testcases.TC_002_LoginDTTTest - ***Accepting the alret message***
16:34:54.833 [main] INFO  com.selenium.testcases.TC_002_LoginDTTTest - ***ClearEmailInput***
16:34:54.928 [main] INFO  com.selenium.testcases.TC_002_LoginDTTTest - *** ClearPasswordInput ***
16:34:55.260 [main] INFO  com.selenium.testcases.TC_002_LoginDTTTest - ***closing the browser***
16:34:57.096 [main] INFO  com.selenium.testcases.TC_002_LoginDTTTest - **open the browser**
16:34:58.750 [main] INFO  com.selenium.testcases.TC_002_LoginDTTTest - ***Enter the URL***
16:34:58.908 [main] INFO  com.selenium.testcases.TC_002_LoginDTTTest - **maximize the browser**
16:34:58.916 [main] INFO  com.selenium.testcases.TC_002_LoginDTTTest - ***TC_001_LoginDTT ***
16:34:58.919 [main] INFO  com.selenium.testcases.TC_002_LoginDTTTest - ***created homepageobject ***
16:34:59.212 [main] INFO  com.selenium.testcases.TC_002_LoginDTTTest - ***EnterEmailAddress ***
16:34:59.388 [main] INFO  com.selenium.testcases.TC_002_LoginDTTTest - ***EnterPassword ***
16:35:00.308 [main] INFO  com.selenium.testcases.TC_002_LoginDTTTest - *** ClickedOnLoginButton ***
16:35:00.623 [main] INFO  com.selenium.testcases.TC_002_LoginDTTTest - ***closing the browser***
17:53:27.944 [main] INFO  com.selenium.testcases.TC_001_LoginTest - **open the browser**
17:53:29.662 [main] INFO  com.selenium.testcases.TC_001_LoginTest - ***Enter the URL***
