07:23:59.809 [main] INFO  com.selenium.testcases.TC_001_LoginTest - ***EnterEmailAddress ***
07:23:59.892 [main] INFO  com.selenium.testcases.TC_001_LoginTest - ***EnterPassword ***
07:24:00.300 [main] INFO  com.selenium.testcases.TC_001_LoginTest - *** ClickedOnLoginButton ***
07:24:00.809 [main] INFO  com.selenium.testcases.TC_001_LoginTest - ***closing the browser***
07:24:02.926 [main] INFO  com.selenium.testcases.TC_002_LoginDTTTest - **open the browser**
07:24:04.355 [main] INFO  com.selenium.testcases.TC_002_LoginDTTTest - ***Enter the URL***
07:24:04.491 [main] INFO  com.selenium.testcases.TC_002_LoginDTTTest - **maximize the browser**
07:24:04.492 [main] INFO  com.selenium.testcases.TC_002_LoginDTTTest - ***TC_001_LoginDTT ***
07:24:04.496 [main] INFO  com.selenium.testcases.TC_002_LoginDTTTest - ***created homepageobject ***
07:24:04.679 [main] INFO  com.selenium.testcases.TC_002_LoginDTTTest - ***EnterEmailAddress ***
07:24:04.749 [main] INFO  com.selenium.testcases.TC_002_LoginDTTTest - ***EnterPassword ***
07:24:05.297 [main] INFO  com.selenium.testcases.TC_002_LoginDTTTest - *** ClickedOnLoginButton ***
07:24:05.309 [main] INFO  com.selenium.testcases.TC_002_LoginDTTTest - ***Accepting the alret message***
07:24:05.379 [main] INFO  com.selenium.testcases.TC_002_LoginDTTTest - ***ClearEmailInput***
07:24:05.437 [main] INFO  com.selenium.testcases.TC_002_LoginDTTTest - *** ClearPasswordInput ***
07:24:05.593 [main] INFO  com.selenium.testcases.TC_002_LoginDTTTest - ***closing the browser***
07:24:06.618 [main] INFO  com.selenium.testcases.TC_002_LoginDTTTest - **open the browser**
07:24:08.116 [main] INFO  com.selenium.testcases.TC_002_LoginDTTTest - ***Enter the URL***
07:24:08.266 [main] INFO  com.selenium.testcases.TC_002_LoginDTTTest - **maximize the browser**
07:24:08.271 [main] INFO  com.selenium.testcases.TC_002_LoginDTTTest - ***TC_001_LoginDTT ***
07:24:08.277 [main] INFO  com.selenium.testcases.TC_002_LoginDTTTest - ***created homepageobject ***
07:24:08.463 [main] INFO  com.selenium.testcases.TC_002_LoginDTTTest - ***EnterEmailAddress ***
07:24:08.565 [main] INFO  com.selenium.testcases.TC_002_LoginDTTTest - ***EnterPassword ***
07:24:08.955 [main] INFO  com.selenium.testcases.TC_002_LoginDTTTest - *** ClickedOnLoginButton ***
07:24:08.968 [main] INFO  com.selenium.testcases.TC_002_LoginDTTTest - ***Accepting the alret message***
07:24:09.043 [main] INFO  com.selenium.testcases.TC_002_LoginDTTTest - ***ClearEmailInput***
07:24:09.095 [main] INFO  com.selenium.testcases.TC_002_LoginDTTTest - *** ClearPasswordInput ***
07:24:09.260 [main] INFO  com.selenium.testcases.TC_002_LoginDTTTest - ***closing the browser***
07:24:10.611 [main] INFO  com.selenium.testcases.TC_002_LoginDTTTest - **open the browser**
07:24:11.994 [main] INFO  com.selenium.testcases.TC_002_LoginDTTTest - ***Enter the URL***
07:24:12.135 [main] INFO  com.selenium.testcases.TC_002_LoginDTTTest - **maximize the browser**
07:24:12.136 [main] INFO  com.selenium.testcases.TC_002_LoginDTTTest - ***TC_001_LoginDTT ***
07:24:12.137 [main] INFO  com.selenium.testcases.TC_002_LoginDTTTest - ***created homepageobject ***
07:24:12.357 [main] INFO  com.selenium.testcases.TC_002_LoginDTTTest - ***EnterEmailAddress ***
07:24:12.438 [main] INFO  com.selenium.testcases.TC_002_LoginDTTTest - ***EnterPassword ***
07:24:12.682 [main] INFO  com.selenium.testcases.TC_002_LoginDTTTest - *** ClickedOnLoginButton ***
07:24:12.696 [main] INFO  com.selenium.testcases.TC_002_LoginDTTTest - ***Accepting the alret message***
07:24:12.787 [main] INFO  com.selenium.testcases.TC_002_LoginDTTTest - ***ClearEmailInput***
07:24:12.833 [main] INFO  com.selenium.testcases.TC_002_LoginDTTTest - *** ClearPasswordInput ***
07:24:12.978 [main] INFO  com.selenium.testcases.TC_002_LoginDTTTest - ***closing the browser***
07:24:14.188 [main] INFO  com.selenium.testcases.TC_002_LoginDTTTest - **open the browser**
07:24:15.728 [main] INFO  com.selenium.testcases.TC_002_LoginDTTTest - ***Enter the URL***
07:24:15.865 [main] INFO  com.selenium.testcases.TC_002_LoginDTTTest - **maximize the browser**
07:24:15.869 [main] INFO  com.selenium.testcases.TC_002_LoginDTTTest - ***TC_001_LoginDTT ***
07:24:15.870 [main] INFO  com.selenium.testcases.TC_002_LoginDTTTest - ***created homepageobject ***
07:24:16.093 [main] INFO  com.selenium.testcases.TC_002_LoginDTTTest - ***EnterEmailAddress ***
07:24:16.204 [main] INFO  com.selenium.testcases.TC_002_LoginDTTTest - ***EnterPassword ***
07:24:16.780 [main] INFO  com.selenium.testcases.TC_002_LoginDTTTest - *** ClickedOnLoginButton ***
07:24:16.793 [main] INFO  com.selenium.testcases.TC_002_LoginDTTTest - ***Accepting the alret message***
07:24:16.870 [main] INFO  com.selenium.testcases.TC_002_LoginDTTTest - ***ClearEmailInput***
07:24:16.931 [main] INFO  com.selenium.testcases.TC_002_LoginDTTTest - *** ClearPasswordInput ***
07:24:17.119 [main] INFO  com.selenium.testcases.TC_002_LoginDTTTest - ***closing the browser***
07:24:18.440 [main] INFO  com.selenium.testcases.TC_002_LoginDTTTest - **open the browser**
07:24:19.789 [main] INFO  com.selenium.testcases.TC_002_LoginDTTTest - ***Enter the URL***
07:24:19.930 [main] INFO  com.selenium.testcases.TC_002_LoginDTTTest - **maximize the browser**
07:24:19.932 [main] INFO  com.selenium.testcases.TC_002_LoginDTTTest - ***TC_001_LoginDTT ***
07:24:19.933 [main] INFO  com.selenium.testcases.TC_002_LoginDTTTest - ***created homepageobject ***
07:24:20.149 [main] INFO  com.selenium.testcases.TC_002_LoginDTTTest - ***EnterEmailAddress ***
07:24:20.237 [main] INFO  com.selenium.testcases.TC_002_LoginDTTTest - ***EnterPassword ***
07:24:20.951 [main] INFO  com.selenium.testcases.TC_002_LoginDTTTest - *** ClickedOnLoginButton ***
07:24:21.088 [main] INFO  com.selenium.testcases.TC_002_LoginDTTTest - ***closing the browser***
08:03:30.662 [main] INFO  com.selenium.testcases.TC_001_LoginTest - **open the browser**
08:03:32.898 [main] INFO  com.selenium.testcases.TC_001_LoginTest - ***Enter the URL***
08:03:33.036 [main] INFO  com.selenium.testcases.TC_001_LoginTest - **maximize the browser**
08:03:33.044 [main] INFO  com.selenium.testcases.TC_001_LoginTest - ***TC_001_Login ***
08:03:33.076 [main] INFO  com.selenium.testcases.TC_001_LoginTest - ***created homepageobject ***
08:03:33.251 [main] INFO  com.selenium.testcases.TC_001_LoginTest - ***EnterEmailAddress ***
08:03:33.336 [main] INFO  com.selenium.testcases.TC_001_LoginTest - ***EnterPassword ***
08:03:34.078 [main] INFO  com.selenium.testcases.TC_001_LoginTest - *** ClickedOnLoginButton ***
08:03:34.277 [main] INFO  com.selenium.testcases.TC_001_LoginTest - ***closing the browser***
08:03:36.268 [main] INFO  com.selenium.testcases.TC_002_LoginDTTTest - **open the browser**
08:03:37.807 [main] INFO  com.selenium.testcases.TC_002_LoginDTTTest - ***Enter the URL***
08:03:37.943 [main] INFO  com.selenium.testcases.TC_002_LoginDTTTest - **maximize the browser**
08:03:37.943 [main] INFO  com.selenium.testcases.TC_002_LoginDTTTest - ***TC_001_LoginDTT ***
08:03:37.943 [main] INFO  com.selenium.testcases.TC_002_LoginDTTTest - ***created homepageobject ***
08:03:38.121 [main] INFO  com.selenium.testcases.TC_002_LoginDTTTest - ***EnterEmailAddress ***
08:03:38.212 [main] INFO  com.selenium.testcases.TC_002_LoginDTTTest - ***EnterPassword ***
08:03:38.471 [main] INFO  com.selenium.testcases.TC_002_LoginDTTTest - *** ClickedOnLoginButton ***
08:03:38.492 [main] INFO  com.selenium.testcases.TC_002_LoginDTTTest - ***Accepting the alret message***
08:03:38.561 [main] INFO  com.selenium.testcases.TC_002_LoginDTTTest - ***ClearEmailInput***
08:03:38.604 [main] INFO  com.selenium.testcases.TC_002_LoginDTTTest - *** ClearPasswordInput ***
08:03:38.761 [main] INFO  com.selenium.testcases.TC_002_LoginDTTTest - ***closing the browser***
08:03:39.834 [main] INFO  com.selenium.testcases.TC_002_LoginDTTTest - **open the browser**
08:03:41.317 [main] INFO  com.selenium.testcases.TC_002_LoginDTTTest - ***Enter the URL***
08:03:41.462 [main] INFO  com.selenium.testcases.TC_002_LoginDTTTest - **maximize the browser**
08:03:41.462 [main] INFO  com.selenium.testcases.TC_002_LoginDTTTest - ***TC_001_LoginDTT ***
08:03:41.466 [main] INFO  com.selenium.testcases.TC_002_LoginDTTTest - ***created homepageobject ***
08:03:41.663 [main] INFO  com.selenium.testcases.TC_002_LoginDTTTest - ***EnterEmailAddress ***
08:03:41.767 [main] INFO  com.selenium.testcases.TC_002_LoginDTTTest - ***EnterPassword ***
08:03:42.159 [main] INFO  com.selenium.testcases.TC_002_LoginDTTTest - *** ClickedOnLoginButton ***
08:03:42.172 [main] INFO  com.selenium.testcases.TC_002_LoginDTTTest - ***Accepting the alret message***
08:03:42.241 [main] INFO  com.selenium.testcases.TC_002_LoginDTTTest - ***ClearEmailInput***
08:03:42.283 [main] INFO  com.selenium.testcases.TC_002_LoginDTTTest - *** ClearPasswordInput ***
08:03:42.462 [main] INFO  com.selenium.testcases.TC_002_LoginDTTTest - ***closing the browser***
08:03:43.502 [main] INFO  com.selenium.testcases.TC_002_LoginDTTTest - **open the browser**
08:03:45.000 [main] INFO  com.selenium.testcases.TC_002_LoginDTTTest - ***Enter the URL***
08:03:45.130 [main] INFO  com.selenium.testcases.TC_002_LoginDTTTest - **maximize the browser**
08:03:45.138 [main] INFO  com.selenium.testcases.TC_002_LoginDTTTest - ***TC_001_LoginDTT ***
08:03:45.139 [main] INFO  com.selenium.testcases.TC_002_LoginDTTTest - ***created homepageobject ***
08:03:45.314 [main] INFO  com.selenium.testcases.TC_002_LoginDTTTest - ***EnterEmailAddress ***
08:03:45.396 [main] INFO  com.selenium.testcases.TC_002_LoginDTTTest - ***EnterPassword ***
08:03:45.665 [main] INFO  com.selenium.testcases.TC_002_LoginDTTTest - *** ClickedOnLoginButton ***
08:03:45.677 [main] INFO  com.selenium.testcases.TC_002_LoginDTTTest - ***Accepting the alret message***
08:03:45.738 [main] INFO  com.selenium.testcases.TC_002_LoginDTTTest - ***ClearEmailInput***
08:03:45.790 [main] INFO  com.selenium.testcases.TC_002_LoginDTTTest - *** ClearPasswordInput ***
08:03:45.967 [main] INFO  com.selenium.testcases.TC_002_LoginDTTTest - ***closing the browser***
08:03:46.998 [main] INFO  com.selenium.testcases.TC_002_LoginDTTTest - **open the browser**
08:03:48.608 [main] INFO  com.selenium.testcases.TC_002_LoginDTTTest - ***Enter the URL***
08:03:48.740 [main] INFO  com.selenium.testcases.TC_002_LoginDTTTest - **maximize the browser**
08:03:48.740 [main] INFO  com.selenium.testcases.TC_002_LoginDTTTest - ***TC_001_LoginDTT ***
08:03:48.740 [main] INFO  com.selenium.testcases.TC_002_LoginDTTTest - ***created homepageobject ***
08:03:48.927 [main] INFO  com.selenium.testcases.TC_002_LoginDTTTest - ***EnterEmailAddress ***
08:03:48.998 [main] INFO  com.selenium.testcases.TC_002_LoginDTTTest - ***EnterPassword ***
08:03:49.370 [main] INFO  com.selenium.testcases.TC_002_LoginDTTTest - *** ClickedOnLoginButton ***
08:03:49.381 [main] INFO  com.selenium.testcases.TC_002_LoginDTTTest - ***Accepting the alret message***
08:03:49.456 [main] INFO  com.selenium.testcases.TC_002_LoginDTTTest - ***ClearEmailInput***
08:03:49.498 [main] INFO  com.selenium.testcases.TC_002_LoginDTTTest - *** ClearPasswordInput ***
08:03:49.620 [main] INFO  com.selenium.testcases.TC_002_LoginDTTTest - ***closing the browser***
08:03:50.665 [main] INFO  com.selenium.testcases.TC_002_LoginDTTTest - **open the browser**
08:03:52.087 [main] INFO  com.selenium.testcases.TC_002_LoginDTTTest - ***Enter the URL***
08:03:52.218 [main] INFO  com.selenium.testcases.TC_002_LoginDTTTest - **maximize the browser**
08:03:52.218 [main] INFO  com.selenium.testcases.TC_002_LoginDTTTest - ***TC_001_LoginDTT ***
08:03:52.218 [main] INFO  com.selenium.testcases.TC_002_LoginDTTTest - ***created homepageobject ***
08:03:52.393 [main] INFO  com.selenium.testcases.TC_002_LoginDTTTest - ***EnterEmailAddress ***
08:03:52.470 [main] INFO  com.selenium.testcases.TC_002_LoginDTTTest - ***EnterPassword ***
08:03:52.868 [main] INFO  com.selenium.testcases.TC_002_LoginDTTTest - *** ClickedOnLoginButton ***
08:03:53.033 [main] INFO  com.selenium.testcases.TC_002_LoginDTTTest - ***closing the browser***
08:56:19.453 [main] INFO  com.selenium.testcases.TC_001_LoginTest - **open the browser**
08:56:20.974 [main] INFO  com.selenium.testcases.TC_001_LoginTest - ***Enter the URL***
08:56:21.136 [main] INFO  com.selenium.testcases.TC_001_LoginTest - **maximize the browser**
08:56:21.140 [main] INFO  com.selenium.testcases.TC_001_LoginTest - ***TC_001_Login ***
08:56:21.165 [main] INFO  com.selenium.testcases.TC_001_LoginTest - ***created homepageobject ***
08:56:21.378 [main] INFO  com.selenium.testcases.TC_001_LoginTest - ***EnterEmailAddress ***
08:56:21.464 [main] INFO  com.selenium.testcases.TC_001_LoginTest - ***EnterPassword ***
08:56:21.989 [main] INFO  com.selenium.testcases.TC_001_LoginTest - *** ClickedOnLoginButton ***
08:56:22.637 [main] INFO  com.selenium.testcases.TC_001_LoginTest - ***closing the browser***
08:56:24.585 [main] INFO  com.selenium.testcases.TC_002_LoginDTTTest - **open the browser**
08:56:26.157 [main] INFO  com.selenium.testcases.TC_002_LoginDTTTest - ***Enter the URL***
08:56:26.340 [main] INFO  com.selenium.testcases.TC_002_LoginDTTTest - **maximize the browser**
08:56:26.341 [main] INFO  com.selenium.testcases.TC_002_LoginDTTTest - ***TC_001_LoginDTT ***
08:56:26.341 [main] INFO  com.selenium.testcases.TC_002_LoginDTTTest - ***created homepageobject ***
08:56:26.589 [main] INFO  com.selenium.testcases.TC_002_LoginDTTTest - ***EnterEmailAddress ***
08:56:26.688 [main] INFO  com.selenium.testcases.TC_002_LoginDTTTest - ***EnterPassword ***
08:56:27.033 [main] INFO  com.selenium.testcases.TC_002_LoginDTTTest - *** ClickedOnLoginButton ***
08:56:27.057 [main] INFO  com.selenium.testcases.TC_002_LoginDTTTest - ***Accepting the alret message***
08:56:27.150 [main] INFO  com.selenium.testcases.TC_002_LoginDTTTest - ***ClearEmailInput***
08:56:27.212 [main] INFO  com.selenium.testcases.TC_002_LoginDTTTest - *** ClearPasswordInput ***
08:56:27.383 [main] INFO  com.selenium.testcases.TC_002_LoginDTTTest - ***closing the browser***
08:56:28.480 [main] INFO  com.selenium.testcases.TC_002_LoginDTTTest - **open the browser**
08:56:29.170 [main] INFO  com.selenium.testcases.TC_002_LoginDTTTest - ***Enter the URL***
08:56:30.305 [main] INFO  com.selenium.testcases.TC_002_LoginDTTTest - **maximize the browser**
08:56:30.306 [main] INFO  com.selenium.testcases.TC_002_LoginDTTTest - ***TC_001_LoginDTT ***
08:56:30.309 [main] INFO  com.selenium.testcases.TC_002_LoginDTTTest - ***created homepageobject ***
08:56:30.487 [main] INFO  com.selenium.testcases.TC_002_LoginDTTTest - ***EnterEmailAddress ***
08:56:30.576 [main] INFO  com.selenium.testcases.TC_002_LoginDTTTest - ***EnterPassword ***
08:56:31.183 [main] INFO  com.selenium.testcases.TC_002_LoginDTTTest - *** ClickedOnLoginButton ***
08:56:31.219 [main] INFO  com.selenium.testcases.TC_002_LoginDTTTest - ***Accepting the alret message***
08:56:31.310 [main] INFO  com.selenium.testcases.TC_002_LoginDTTTest - ***ClearEmailInput***
08:56:31.383 [main] INFO  com.selenium.testcases.TC_002_LoginDTTTest - *** ClearPasswordInput ***
08:56:31.546 [main] INFO  com.selenium.testcases.TC_002_LoginDTTTest - ***closing the browser***
08:56:32.632 [main] INFO  com.selenium.testcases.TC_002_LoginDTTTest - **open the browser**
08:56:34.379 [main] INFO  com.selenium.testcases.TC_002_LoginDTTTest - ***Enter the URL***
08:56:34.511 [main] INFO  com.selenium.testcases.TC_002_LoginDTTTest - **maximize the browser**
08:56:34.512 [main] INFO  com.selenium.testcases.TC_002_LoginDTTTest - ***TC_001_LoginDTT ***
08:56:34.512 [main] INFO  com.selenium.testcases.TC_002_LoginDTTTest - ***created homepageobject ***
08:56:34.729 [main] INFO  com.selenium.testcases.TC_002_LoginDTTTest - ***EnterEmailAddress ***
08:56:34.837 [main] INFO  com.selenium.testcases.TC_002_LoginDTTTest - ***EnterPassword ***
08:56:35.407 [main] INFO  com.selenium.testcases.TC_002_LoginDTTTest - *** ClickedOnLoginButton ***
08:56:35.437 [main] INFO  com.selenium.testcases.TC_002_LoginDTTTest - ***Accepting the alret message***
08:56:35.530 [main] INFO  com.selenium.testcases.TC_002_LoginDTTTest - ***ClearEmailInput***
08:56:35.591 [main] INFO  com.selenium.testcases.TC_002_LoginDTTTest - *** ClearPasswordInput ***
08:56:35.717 [main] INFO  com.selenium.testcases.TC_002_LoginDTTTest - ***closing the browser***
08:56:36.741 [main] INFO  com.selenium.testcases.TC_002_LoginDTTTest - **open the browser**
08:56:38.402 [main] INFO  com.selenium.testcases.TC_002_LoginDTTTest - ***Enter the URL***
08:56:38.533 [main] INFO  com.selenium.testcases.TC_002_LoginDTTTest - **maximize the browser**
08:56:38.536 [main] INFO  com.selenium.testcases.TC_002_LoginDTTTest - ***TC_001_LoginDTT ***
08:56:38.539 [main] INFO  com.selenium.testcases.TC_002_LoginDTTTest - ***created homepageobject ***
08:56:38.725 [main] INFO  com.selenium.testcases.TC_002_LoginDTTTest - ***EnterEmailAddress ***
08:56:38.797 [main] INFO  com.selenium.testcases.TC_002_LoginDTTTest - ***EnterPassword ***
08:56:39.361 [main] INFO  com.selenium.testcases.TC_002_LoginDTTTest - *** ClickedOnLoginButton ***
08:56:39.396 [main] INFO  com.selenium.testcases.TC_002_LoginDTTTest - ***Accepting the alret message***
08:56:39.490 [main] INFO  com.selenium.testcases.TC_002_LoginDTTTest - ***ClearEmailInput***
08:56:39.563 [main] INFO  com.selenium.testcases.TC_002_LoginDTTTest - *** ClearPasswordInput ***
08:56:39.714 [main] INFO  com.selenium.testcases.TC_002_LoginDTTTest - ***closing the browser***
08:56:40.743 [main] INFO  com.selenium.testcases.TC_002_LoginDTTTest - **open the browser**
08:56:43.454 [main] INFO  com.selenium.testcases.TC_002_LoginDTTTest - ***Enter the URL***
08:56:43.582 [main] INFO  com.selenium.testcases.TC_002_LoginDTTTest - **maximize the browser**
08:56:43.584 [main] INFO  com.selenium.testcases.TC_002_LoginDTTTest - ***TC_001_LoginDTT ***
08:56:43.584 [main] INFO  com.selenium.testcases.TC_002_LoginDTTTest - ***created homepageobject ***
08:56:43.749 [main] INFO  com.selenium.testcases.TC_002_LoginDTTTest - ***EnterEmailAddress ***
08:56:43.843 [main] INFO  com.selenium.testcases.TC_002_LoginDTTTest - ***EnterPassword ***
08:56:44.325 [main] INFO  com.selenium.testcases.TC_002_LoginDTTTest - *** ClickedOnLoginButton ***
08:56:44.507 [main] INFO  com.selenium.testcases.TC_002_LoginDTTTest - ***closing the browser***
10:46:57.486 [main] INFO  com.selenium.testcases.TC_001_LoginTest - **open the browser**
10:46:59.264 [main] INFO  com.selenium.testcases.TC_001_LoginTest - ***Enter the URL***
10:46:59.421 [main] INFO  com.selenium.testcases.TC_001_LoginTest - **maximize the browser**
10:46:59.425 [main] INFO  com.selenium.testcases.TC_001_LoginTest - ***TC_001_Login ***
10:46:59.461 [main] INFO  com.selenium.testcases.TC_001_LoginTest - ***created homepageobject ***
10:46:59.703 [main] INFO  com.selenium.testcases.TC_001_LoginTest - ***EnterEmailAddress ***
10:46:59.798 [main] INFO  com.selenium.testcases.TC_001_LoginTest - ***EnterPassword ***
10:47:00.621 [main] INFO  com.selenium.testcases.TC_001_LoginTest - *** ClickedOnLoginButton ***
10:47:00.963 [main] INFO  com.selenium.testcases.TC_001_LoginTest - ***closing the browser***
10:47:03.658 [main] INFO  com.selenium.testcases.TC_002_LoginDTTTest - **open the browser**
10:47:05.387 [main] INFO  com.selenium.testcases.TC_002_LoginDTTTest - ***Enter the URL***
10:47:05.560 [main] INFO  com.selenium.testcases.TC_002_LoginDTTTest - **maximize the browser**
10:47:05.566 [main] INFO  com.selenium.testcases.TC_002_LoginDTTTest - ***TC_001_LoginDTT ***
10:47:05.567 [main] INFO  com.selenium.testcases.TC_002_LoginDTTTest - ***created homepageobject ***
10:47:05.785 [main] INFO  com.selenium.testcases.TC_002_LoginDTTTest - ***EnterEmailAddress ***
10:47:05.906 [main] INFO  com.selenium.testcases.TC_002_LoginDTTTest - ***EnterPassword ***
10:47:06.484 [main] INFO  com.selenium.testcases.TC_002_LoginDTTTest - *** ClickedOnLoginButton ***
10:47:06.523 [main] INFO  com.selenium.testcases.TC_002_LoginDTTTest - ***Accepting the alret message***
10:47:06.628 [main] INFO  com.selenium.testcases.TC_002_LoginDTTTest - ***ClearEmailInput***
10:47:06.765 [main] INFO  com.selenium.testcases.TC_002_LoginDTTTest - *** ClearPasswordInput ***
10:47:06.982 [main] INFO  com.selenium.testcases.TC_002_LoginDTTTest - ***closing the browser***
10:47:08.147 [main] INFO  com.selenium.testcases.TC_002_LoginDTTTest - **open the browser**
12:05:38.370 [TestNG-test-chromeTest-1] INFO  com.selenium.testcases.TC_001_LoginTest - **open the browser**
12:05:40.191 [TestNG-test-chromeTest-1] INFO  com.selenium.testcases.TC_001_LoginTest - ***Enter the URL***
12:05:40.347 [TestNG-test-chromeTest-1] INFO  com.selenium.testcases.TC_001_LoginTest - **maximize the browser**
12:05:40.366 [TestNG-test-chromeTest-1] INFO  com.selenium.testcases.TC_001_LoginTest - ***TC_001_Login ***
12:05:40.406 [TestNG-test-chromeTest-1] INFO  com.selenium.testcases.TC_001_LoginTest - ***created homepageobject ***
12:05:40.595 [TestNG-test-chromeTest-1] INFO  com.selenium.testcases.TC_001_LoginTest - ***EnterEmailAddress ***
12:05:40.694 [TestNG-test-chromeTest-1] INFO  com.selenium.testcases.TC_001_LoginTest - ***EnterPassword ***
12:05:41.524 [TestNG-test-chromeTest-1] INFO  com.selenium.testcases.TC_001_LoginTest - *** ClickedOnLoginButton ***
12:05:41.844 [TestNG-test-chromeTest-1] INFO  com.selenium.testcases.TC_001_LoginTest - ***closing the browser***
08:11:39.794 [TestNG-test=chromeTest-1] INFO  com.selenium.testcases.TC_001_LoginTest - **open the browser**
08:11:44.114 [TestNG-test=chromeTest-1] INFO  com.selenium.testcases.TC_001_LoginTest - ***Enter the URL***
08:11:44.271 [TestNG-test=chromeTest-1] INFO  com.selenium.testcases.TC_001_LoginTest - **maximize the browser**
08:11:44.289 [TestNG-test=chromeTest-1] INFO  com.selenium.testcases.TC_001_LoginTest - ***TC_001_Login ***
08:11:44.342 [TestNG-test=chromeTest-1] INFO  com.selenium.testcases.TC_001_LoginTest - ***created homepageobject ***
08:11:44.524 [TestNG-test=chromeTest-1] INFO  com.selenium.testcases.TC_001_LoginTest - ***EnterEmailAddress ***
08:11:44.624 [TestNG-test=chromeTest-1] INFO  com.selenium.testcases.TC_001_LoginTest - ***EnterPassword ***
08:11:49.025 [TestNG-test=chromeTest-1] INFO  com.selenium.testcases.TC_001_LoginTest - *** ClickedOnLoginButton ***
08:11:49.574 [TestNG-test=chromeTest-1] INFO  com.selenium.testcases.TC_001_LoginTest - ***closing the browser***
08:11:55.041 [TestNG-test=edgeTest-1] INFO  com.selenium.testcases.TC_001_LoginTest - **open the browser**
08:12:08.800 [TestNG-test=edgeTest-1] INFO  com.selenium.testcases.TC_001_LoginTest - ***Enter the URL***
08:12:09.116 [TestNG-test=edgeTest-1] INFO  com.selenium.testcases.TC_001_LoginTest - **maximize the browser**
08:12:09.118 [TestNG-test=edgeTest-1] INFO  com.selenium.testcases.TC_001_LoginTest - ***TC_001_Login ***
08:12:09.119 [TestNG-test=edgeTest-1] INFO  com.selenium.testcases.TC_001_LoginTest - ***created homepageobject ***
08:12:09.256 [TestNG-test=edgeTest-1] INFO  com.selenium.testcases.TC_001_LoginTest - ***EnterEmailAddress ***
08:12:09.274 [TestNG-test=edgeTest-1] INFO  com.selenium.testcases.TC_001_LoginTest - ***EnterPassword ***
08:12:25.860 [TestNG-test=edgeTest-1] INFO  com.selenium.testcases.TC_001_LoginTest - *** ClickedOnLoginButton ***
08:12:26.929 [TestNG-test=edgeTest-1] INFO  com.selenium.testcases.TC_001_LoginTest - ***closing the browser***
08:15:40.907 [main] INFO  com.selenium.testcases.TC_002_LoginDTTTest - **open the browser**
08:15:44.147 [main] INFO  com.selenium.testcases.TC_002_LoginDTTTest - ***Enter the URL***
08:15:44.289 [main] INFO  com.selenium.testcases.TC_002_LoginDTTTest - **maximize the browser**
08:15:44.308 [main] INFO  com.selenium.testcases.TC_002_LoginDTTTest - ***TC_001_LoginDTT ***
08:15:44.377 [main] INFO  com.selenium.testcases.TC_002_LoginDTTTest - ***created homepageobject ***
08:15:49.603 [main] INFO  com.selenium.testcases.TC_002_LoginDTTTest - ***closing the browser***
08:15:50.785 [main] INFO  com.selenium.testcases.TC_002_LoginDTTTest - **open the browser**
08:16:01.242 [main] INFO  com.selenium.testcases.TC_002_LoginDTTTest - ***Enter the URL***
08:16:01.422 [main] INFO  com.selenium.testcases.TC_002_LoginDTTTest - **maximize the browser**
08:16:01.425 [main] INFO  com.selenium.testcases.TC_002_LoginDTTTest - ***TC_001_LoginDTT ***
08:16:01.429 [main] INFO  com.selenium.testcases.TC_002_LoginDTTTest - ***created homepageobject ***
08:16:01.622 [main] INFO  com.selenium.testcases.TC_002_LoginDTTTest - ***EnterEmailAddress ***
08:16:01.694 [main] INFO  com.selenium.testcases.TC_002_LoginDTTTest - ***EnterPassword ***
08:16:08.650 [main] INFO  com.selenium.testcases.TC_002_LoginDTTTest - *** ClickedOnLoginButton ***
08:16:08.718 [main] INFO  com.selenium.testcases.TC_002_LoginDTTTest - ***Accepting the alret message***
08:16:08.835 [main] INFO  com.selenium.testcases.TC_002_LoginDTTTest - ***ClearEmailInput***
08:16:08.916 [main] INFO  com.selenium.testcases.TC_002_LoginDTTTest - *** ClearPasswordInput ***
08:16:09.161 [main] INFO  com.selenium.testcases.TC_002_LoginDTTTest - ***closing the browser***
08:16:10.324 [main] INFO  com.selenium.testcases.TC_002_LoginDTTTest - **open the browser**
08:16:12.537 [main] INFO  com.selenium.testcases.TC_002_LoginDTTTest - ***Enter the URL***
08:16:17.338 [main] INFO  com.selenium.testcases.TC_002_LoginDTTTest - **maximize the browser**
08:16:17.340 [main] INFO  com.selenium.testcases.TC_002_LoginDTTTest - ***TC_001_LoginDTT ***
08:16:17.344 [main] INFO  com.selenium.testcases.TC_002_LoginDTTTest - ***created homepageobject ***
08:16:17.592 [main] INFO  com.selenium.testcases.TC_002_LoginDTTTest - ***EnterEmailAddress ***
08:16:17.731 [main] INFO  com.selenium.testcases.TC_002_LoginDTTTest - ***EnterPassword ***
08:16:24.584 [main] INFO  com.selenium.testcases.TC_002_LoginDTTTest - *** ClickedOnLoginButton ***
08:16:24.627 [main] INFO  com.selenium.testcases.TC_002_LoginDTTTest - ***Accepting the alret message***
08:16:24.718 [main] INFO  com.selenium.testcases.TC_002_LoginDTTTest - ***ClearEmailInput***
08:16:24.765 [main] INFO  com.selenium.testcases.TC_002_LoginDTTTest - *** ClearPasswordInput ***
08:16:24.995 [main] INFO  com.selenium.testcases.TC_002_LoginDTTTest - ***closing the browser***
08:16:26.181 [main] INFO  com.selenium.testcases.TC_002_LoginDTTTest - **open the browser**
08:16:32.902 [main] INFO  com.selenium.testcases.TC_002_LoginDTTTest - ***Enter the URL***
08:16:33.050 [main] INFO  com.selenium.testcases.TC_002_LoginDTTTest - **maximize the browser**
08:16:33.054 [main] INFO  com.selenium.testcases.TC_002_LoginDTTTest - ***TC_001_LoginDTT ***
08:16:33.055 [main] INFO  com.selenium.testcases.TC_002_LoginDTTTest - ***created homepageobject ***
08:16:33.286 [main] INFO  com.selenium.testcases.TC_002_LoginDTTTest - ***EnterEmailAddress ***
08:16:33.404 [main] INFO  com.selenium.testcases.TC_002_LoginDTTTest - ***EnterPassword ***
08:16:35.133 [main] INFO  com.selenium.testcases.TC_002_LoginDTTTest - *** ClickedOnLoginButton ***
08:16:35.175 [main] INFO  com.selenium.testcases.TC_002_LoginDTTTest - ***Accepting the alret message***
08:16:35.264 [main] INFO  com.selenium.testcases.TC_002_LoginDTTTest - ***ClearEmailInput***
08:16:35.321 [main] INFO  com.selenium.testcases.TC_002_LoginDTTTest - *** ClearPasswordInput ***
08:16:35.539 [main] INFO  com.selenium.testcases.TC_002_LoginDTTTest - ***closing the browser***
08:16:36.694 [main] INFO  com.selenium.testcases.TC_002_LoginDTTTest - **open the browser**
08:16:52.419 [main] INFO  com.selenium.testcases.TC_002_LoginDTTTest - ***Enter the URL***
08:16:52.564 [main] INFO  com.selenium.testcases.TC_002_LoginDTTTest - **maximize the browser**
08:16:52.565 [main] INFO  com.selenium.testcases.TC_002_LoginDTTTest - ***TC_001_LoginDTT ***
08:16:52.566 [main] INFO  com.selenium.testcases.TC_002_LoginDTTTest - ***created homepageobject ***
08:16:52.754 [main] INFO  com.selenium.testcases.TC_002_LoginDTTTest - ***EnterEmailAddress ***
08:16:52.837 [main] INFO  com.selenium.testcases.TC_002_LoginDTTTest - ***EnterPassword ***
08:16:59.414 [main] INFO  com.selenium.testcases.TC_002_LoginDTTTest - *** ClickedOnLoginButton ***
08:16:59.688 [main] INFO  com.selenium.testcases.TC_002_LoginDTTTest - ***closing the browser***
08:17:03.451 [main] INFO  com.selenium.testcases.TC_002_LoginDTTTest - **open the browser**
08:17:21.010 [main] INFO  com.selenium.testcases.TC_002_LoginDTTTest - ***Enter the URL***
08:17:21.309 [main] INFO  com.selenium.testcases.TC_002_LoginDTTTest - **maximize the browser**
08:17:21.313 [main] INFO  com.selenium.testcases.TC_002_LoginDTTTest - ***TC_001_LoginDTT ***
08:17:21.317 [main] INFO  com.selenium.testcases.TC_002_LoginDTTTest - ***created homepageobject ***
08:17:21.464 [main] INFO  com.selenium.testcases.TC_002_LoginDTTTest - ***EnterEmailAddress ***
08:17:21.483 [main] INFO  com.selenium.testcases.TC_002_LoginDTTTest - ***EnterPassword ***
08:17:22.225 [main] INFO  com.selenium.testcases.TC_002_LoginDTTTest - *** ClickedOnLoginButton ***
08:17:22.256 [main] INFO  com.selenium.testcases.TC_002_LoginDTTTest - ***Accepting the alret message***
08:17:22.292 [main] INFO  com.selenium.testcases.TC_002_LoginDTTTest - ***ClearEmailInput***
08:17:22.312 [main] INFO  com.selenium.testcases.TC_002_LoginDTTTest - *** ClearPasswordInput ***
08:17:23.197 [main] INFO  com.selenium.testcases.TC_002_LoginDTTTest - ***closing the browser***
08:17:26.083 [main] INFO  com.selenium.testcases.TC_002_LoginDTTTest - **open the browser**
08:17:36.584 [main] INFO  com.selenium.testcases.TC_002_LoginDTTTest - ***Enter the URL***
08:17:36.909 [main] INFO  com.selenium.testcases.TC_002_LoginDTTTest - **maximize the browser**
08:17:36.910 [main] INFO  com.selenium.testcases.TC_002_LoginDTTTest - ***TC_001_LoginDTT ***
08:17:36.910 [main] INFO  com.selenium.testcases.TC_002_LoginDTTTest - ***created homepageobject ***
08:17:37.032 [main] INFO  com.selenium.testcases.TC_002_LoginDTTTest - ***EnterEmailAddress ***
08:17:37.047 [main] INFO  com.selenium.testcases.TC_002_LoginDTTTest - ***EnterPassword ***
08:17:38.199 [main] INFO  com.selenium.testcases.TC_002_LoginDTTTest - *** ClickedOnLoginButton ***
08:17:38.240 [main] INFO  com.selenium.testcases.TC_002_LoginDTTTest - ***Accepting the alret message***
08:17:38.272 [main] INFO  com.selenium.testcases.TC_002_LoginDTTTest - ***ClearEmailInput***
08:17:38.292 [main] INFO  com.selenium.testcases.TC_002_LoginDTTTest - *** ClearPasswordInput ***
08:17:39.482 [main] INFO  com.selenium.testcases.TC_002_LoginDTTTest - ***closing the browser***
08:17:42.407 [main] INFO  com.selenium.testcases.TC_002_LoginDTTTest - **open the browser**
08:18:00.652 [main] INFO  com.selenium.testcases.TC_002_LoginDTTTest - ***Enter the URL***
08:18:00.940 [main] INFO  com.selenium.testcases.TC_002_LoginDTTTest - **maximize the browser**
08:18:00.942 [main] INFO  com.selenium.testcases.TC_002_LoginDTTTest - ***TC_001_LoginDTT ***
08:18:00.943 [main] INFO  com.selenium.testcases.TC_002_LoginDTTTest - ***created homepageobject ***
08:18:01.082 [main] INFO  com.selenium.testcases.TC_002_LoginDTTTest - ***EnterEmailAddress ***
08:18:01.106 [main] INFO  com.selenium.testcases.TC_002_LoginDTTTest - ***EnterPassword ***
08:18:09.026 [main] INFO  com.selenium.testcases.TC_002_LoginDTTTest - *** ClickedOnLoginButton ***
08:18:09.057 [main] INFO  com.selenium.testcases.TC_002_LoginDTTTest - ***Accepting the alret message***
08:18:09.083 [main] INFO  com.selenium.testcases.TC_002_LoginDTTTest - ***ClearEmailInput***
08:18:09.101 [main] INFO  com.selenium.testcases.TC_002_LoginDTTTest - *** ClearPasswordInput ***
08:18:10.079 [main] INFO  com.selenium.testcases.TC_002_LoginDTTTest - ***closing the browser***
08:18:12.932 [main] INFO  com.selenium.testcases.TC_002_LoginDTTTest - **open the browser**
08:18:18.459 [main] INFO  com.selenium.testcases.TC_002_LoginDTTTest - ***Enter the URL***
08:18:18.750 [main] INFO  com.selenium.testcases.TC_002_LoginDTTTest - **maximize the browser**
08:18:18.752 [main] INFO  com.selenium.testcases.TC_002_LoginDTTTest - ***TC_001_LoginDTT ***
08:18:18.753 [main] INFO  com.selenium.testcases.TC_002_LoginDTTTest - ***created homepageobject ***
08:18:18.880 [main] INFO  com.selenium.testcases.TC_002_LoginDTTTest - ***EnterEmailAddress ***
08:18:18.911 [main] INFO  com.selenium.testcases.TC_002_LoginDTTTest - ***EnterPassword ***
08:18:21.189 [main] INFO  com.selenium.testcases.TC_002_LoginDTTTest - *** ClickedOnLoginButton ***
08:18:21.224 [main] INFO  com.selenium.testcases.TC_002_LoginDTTTest - ***Accepting the alret message***
08:18:21.260 [main] INFO  com.selenium.testcases.TC_002_LoginDTTTest - ***ClearEmailInput***
08:18:21.277 [main] INFO  com.selenium.testcases.TC_002_LoginDTTTest - *** ClearPasswordInput ***
08:18:22.363 [main] INFO  com.selenium.testcases.TC_002_LoginDTTTest - ***closing the browser***
08:18:25.240 [main] INFO  com.selenium.testcases.TC_002_LoginDTTTest - **open the browser**
08:18:34.537 [main] INFO  com.selenium.testcases.TC_002_LoginDTTTest - ***Enter the URL***
08:18:34.834 [main] INFO  com.selenium.testcases.TC_002_LoginDTTTest - **maximize the browser**
08:18:34.839 [main] INFO  com.selenium.testcases.TC_002_LoginDTTTest - ***TC_001_LoginDTT ***
08:18:34.841 [main] INFO  com.selenium.testcases.TC_002_LoginDTTTest - ***created homepageobject ***
08:18:34.961 [main] INFO  com.selenium.testcases.TC_002_LoginDTTTest - ***EnterEmailAddress ***
08:18:34.980 [main] INFO  com.selenium.testcases.TC_002_LoginDTTTest - ***EnterPassword ***
08:18:36.485 [main] INFO  com.selenium.testcases.TC_002_LoginDTTTest - *** ClickedOnLoginButton ***
08:18:37.355 [main] INFO  com.selenium.testcases.TC_002_LoginDTTTest - ***closing the browser***
08:19:45.426 [TestNG-test-chromeTest-1] INFO  com.selenium.testcases.TC_001_LoginTest - **open the browser**
08:19:50.531 [TestNG-test-chromeTest-1] INFO  com.selenium.testcases.TC_001_LoginTest - ***Enter the URL***
08:19:50.670 [TestNG-test-chromeTest-1] INFO  com.selenium.testcases.TC_001_LoginTest - **maximize the browser**
08:19:50.695 [TestNG-test-chromeTest-1] INFO  com.selenium.testcases.TC_001_LoginTest - ***TC_001_Login ***
08:19:50.745 [TestNG-test-chromeTest-1] INFO  com.selenium.testcases.TC_001_LoginTest - ***created homepageobject ***
08:19:50.892 [TestNG-test-chromeTest-1] INFO  com.selenium.testcases.TC_001_LoginTest - ***EnterEmailAddress ***
08:19:50.996 [TestNG-test-chromeTest-1] INFO  com.selenium.testcases.TC_001_LoginTest - ***EnterPassword ***
08:19:52.545 [TestNG-test-chromeTest-1] INFO  com.selenium.testcases.TC_001_LoginTest - *** ClickedOnLoginButton ***
08:19:52.989 [TestNG-test-chromeTest-1] INFO  com.selenium.testcases.TC_001_LoginTest - ***closing the browser***
08:19:56.146 [TestNG-test-edgeTest-1] INFO  com.selenium.testcases.TC_001_LoginTest - **open the browser**
08:20:02.268 [TestNG-test-edgeTest-1] INFO  com.selenium.testcases.TC_001_LoginTest - ***Enter the URL***
08:20:02.585 [TestNG-test-edgeTest-1] INFO  com.selenium.testcases.TC_001_LoginTest - **maximize the browser**
08:20:02.594 [TestNG-test-edgeTest-1] INFO  com.selenium.testcases.TC_001_LoginTest - ***TC_001_Login ***
08:20:02.599 [TestNG-test-edgeTest-1] INFO  com.selenium.testcases.TC_001_LoginTest - ***created homepageobject ***
08:20:02.721 [TestNG-test-edgeTest-1] INFO  com.selenium.testcases.TC_001_LoginTest - ***EnterEmailAddress ***
08:20:02.740 [TestNG-test-edgeTest-1] INFO  com.selenium.testcases.TC_001_LoginTest - ***EnterPassword ***
08:20:05.368 [TestNG-test-edgeTest-1] INFO  com.selenium.testcases.TC_001_LoginTest - *** ClickedOnLoginButton ***
08:20:06.398 [TestNG-test-edgeTest-1] INFO  com.selenium.testcases.TC_001_LoginTest - ***closing the browser***
08:21:16.241 [TestNG-test-chromeTest-1] INFO  com.selenium.testcases.TC_001_LoginTest - **open the browser**
08:21:23.901 [TestNG-test-chromeTest-1] INFO  com.selenium.testcases.TC_001_LoginTest - ***Enter the URL***
08:21:24.054 [TestNG-test-chromeTest-1] INFO  com.selenium.testcases.TC_001_LoginTest - **maximize the browser**
08:21:24.068 [TestNG-test-chromeTest-1] INFO  com.selenium.testcases.TC_001_LoginTest - ***TC_001_Login ***
08:21:24.109 [TestNG-test-chromeTest-1] INFO  com.selenium.testcases.TC_001_LoginTest - ***created homepageobject ***
08:21:24.255 [TestNG-test-chromeTest-1] INFO  com.selenium.testcases.TC_001_LoginTest - ***EnterEmailAddress ***
08:21:24.338 [TestNG-test-chromeTest-1] INFO  com.selenium.testcases.TC_001_LoginTest - ***EnterPassword ***
08:21:32.626 [TestNG-test-chromeTest-1] INFO  com.selenium.testcases.TC_001_LoginTest - *** ClickedOnLoginButton ***
08:21:33.040 [TestNG-test-chromeTest-1] INFO  com.selenium.testcases.TC_001_LoginTest - ***closing the browser***
08:21:36.521 [TestNG-test-edgeTest-1] INFO  com.selenium.testcases.TC_001_LoginTest - **open the browser**
08:21:47.911 [TestNG-test-edgeTest-1] INFO  com.selenium.testcases.TC_001_LoginTest - ***Enter the URL***
08:21:48.214 [TestNG-test-edgeTest-1] INFO  com.selenium.testcases.TC_001_LoginTest - **maximize the browser**
08:21:48.220 [TestNG-test-edgeTest-1] INFO  com.selenium.testcases.TC_001_LoginTest - ***TC_001_Login ***
08:21:48.224 [TestNG-test-edgeTest-1] INFO  com.selenium.testcases.TC_001_LoginTest - ***created homepageobject ***
08:21:48.330 [TestNG-test-edgeTest-1] INFO  com.selenium.testcases.TC_001_LoginTest - ***EnterEmailAddress ***
08:21:48.349 [TestNG-test-edgeTest-1] INFO  com.selenium.testcases.TC_001_LoginTest - ***EnterPassword ***
08:21:57.009 [TestNG-test-edgeTest-1] INFO  com.selenium.testcases.TC_001_LoginTest - *** ClickedOnLoginButton ***
08:21:58.103 [TestNG-test-edgeTest-1] INFO  com.selenium.testcases.TC_001_LoginTest - ***closing the browser***
14:48:19.714 [TestNG-test-chromeTest-1] INFO  com.selenium.testcases.TC_001_LoginTest - **open the browser**
14:48:21.461 [TestNG-test-chromeTest-1] INFO  com.selenium.testcases.TC_001_LoginTest - ***Enter the URL***
14:48:21.538 [TestNG-test-chromeTest-1] INFO  com.selenium.testcases.TC_001_LoginTest - **maximize the browser**
14:48:21.548 [TestNG-test-chromeTest-1] INFO  com.selenium.testcases.TC_001_LoginTest - ***TC_001_Login ***
14:48:21.595 [TestNG-test-chromeTest-1] INFO  com.selenium.testcases.TC_001_LoginTest - ***created homepageobject ***
14:48:21.826 [TestNG-test-chromeTest-1] INFO  com.selenium.testcases.TC_001_LoginTest - ***EnterEmailAddress ***
14:48:21.911 [TestNG-test-chromeTest-1] INFO  com.selenium.testcases.TC_001_LoginTest - ***EnterPassword ***
14:48:22.439 [TestNG-test-chromeTest-1] INFO  com.selenium.testcases.TC_001_LoginTest - *** ClickedOnLoginButton ***
14:48:23.313 [TestNG-test-chromeTest-1] INFO  com.selenium.testcases.TC_001_LoginTest - ***closing the browser***
14:48:29.232 [TestNG-test-edgeTest-1] INFO  com.selenium.testcases.TC_001_LoginTest - **open the browser**
14:48:30.640 [TestNG-test-edgeTest-1] INFO  com.selenium.testcases.TC_001_LoginTest - ***Enter the URL***
14:48:30.992 [TestNG-test-edgeTest-1] INFO  com.selenium.testcases.TC_001_LoginTest - **maximize the browser**
14:48:30.997 [TestNG-test-edgeTest-1] INFO  com.selenium.testcases.TC_001_LoginTest - ***TC_001_Login ***
14:48:30.997 [TestNG-test-edgeTest-1] INFO  com.selenium.testcases.TC_001_LoginTest - ***created homepageobject ***
14:48:31.257 [TestNG-test-edgeTest-1] INFO  com.selenium.testcases.TC_001_LoginTest - ***EnterEmailAddress ***
14:48:31.329 [TestNG-test-edgeTest-1] INFO  com.selenium.testcases.TC_001_LoginTest - ***EnterPassword ***
14:48:32.122 [TestNG-test-edgeTest-1] INFO  com.selenium.testcases.TC_001_LoginTest - *** ClickedOnLoginButton ***
14:48:33.097 [TestNG-test-edgeTest-1] INFO  com.selenium.testcases.TC_001_LoginTest - ***closing the browser***
14:48:58.769 [main] INFO  com.selenium.testcases.TC_002_LoginDTTTest - **open the browser**
14:49:00.477 [main] INFO  com.selenium.testcases.TC_002_LoginDTTTest - ***Enter the URL***
14:49:00.531 [main] INFO  com.selenium.testcases.TC_002_LoginDTTTest - **maximize the browser**
14:49:00.571 [main] INFO  com.selenium.testcases.TC_002_LoginDTTTest - ***TC_001_LoginDTT ***
14:49:00.617 [main] INFO  com.selenium.testcases.TC_002_LoginDTTTest - ***created homepageobject ***
14:49:00.814 [main] INFO  com.selenium.testcases.TC_002_LoginDTTTest - ***EnterEmailAddress ***
14:49:00.916 [main] INFO  com.selenium.testcases.TC_002_LoginDTTTest - ***EnterPassword ***
14:49:01.216 [main] INFO  com.selenium.testcases.TC_002_LoginDTTTest - *** ClickedOnLoginButton ***
14:49:01.225 [main] INFO  com.selenium.testcases.TC_002_LoginDTTTest - ***Accepting the alret message***
14:49:01.325 [main] INFO  com.selenium.testcases.TC_002_LoginDTTTest - ***ClearEmailInput***
14:49:01.368 [main] INFO  com.selenium.testcases.TC_002_LoginDTTTest - *** ClearPasswordInput ***
14:49:01.653 [main] INFO  com.selenium.testcases.TC_002_LoginDTTTest - ***closing the browser***
14:49:02.864 [main] INFO  com.selenium.testcases.TC_002_LoginDTTTest - **open the browser**
14:49:03.730 [main] INFO  com.selenium.testcases.TC_002_LoginDTTTest - ***Enter the URL***
14:49:04.990 [main] INFO  com.selenium.testcases.TC_002_LoginDTTTest - **maximize the browser**
14:49:04.992 [main] INFO  com.selenium.testcases.TC_002_LoginDTTTest - ***TC_001_LoginDTT ***
14:49:04.993 [main] INFO  com.selenium.testcases.TC_002_LoginDTTTest - ***created homepageobject ***
14:49:05.172 [main] INFO  com.selenium.testcases.TC_002_LoginDTTTest - ***EnterEmailAddress ***
14:49:05.260 [main] INFO  com.selenium.testcases.TC_002_LoginDTTTest - ***EnterPassword ***
14:49:05.602 [main] INFO  com.selenium.testcases.TC_002_LoginDTTTest - *** ClickedOnLoginButton ***
14:49:05.616 [main] INFO  com.selenium.testcases.TC_002_LoginDTTTest - ***Accepting the alret message***
14:49:05.691 [main] INFO  com.selenium.testcases.TC_002_LoginDTTTest - ***ClearEmailInput***
14:49:05.733 [main] INFO  com.selenium.testcases.TC_002_LoginDTTTest - *** ClearPasswordInput ***
14:49:05.992 [main] INFO  com.selenium.testcases.TC_002_LoginDTTTest - ***closing the browser***
14:49:07.250 [main] INFO  com.selenium.testcases.TC_002_LoginDTTTest - **open the browser**
14:49:08.619 [main] INFO  com.selenium.testcases.TC_002_LoginDTTTest - ***Enter the URL***
14:49:08.699 [main] INFO  com.selenium.testcases.TC_002_LoginDTTTest - **maximize the browser**
14:49:08.708 [main] INFO  com.selenium.testcases.TC_002_LoginDTTTest - ***TC_001_LoginDTT ***
14:49:08.710 [main] INFO  com.selenium.testcases.TC_002_LoginDTTTest - ***created homepageobject ***
14:49:08.889 [main] INFO  com.selenium.testcases.TC_002_LoginDTTTest - ***EnterEmailAddress ***
14:49:09.001 [main] INFO  com.selenium.testcases.TC_002_LoginDTTTest - ***EnterPassword ***
14:49:09.276 [main] INFO  com.selenium.testcases.TC_002_LoginDTTTest - *** ClickedOnLoginButton ***
14:49:09.284 [main] INFO  com.selenium.testcases.TC_002_LoginDTTTest - ***Accepting the alret message***
14:49:09.357 [main] INFO  com.selenium.testcases.TC_002_LoginDTTTest - ***ClearEmailInput***
14:49:09.400 [main] INFO  com.selenium.testcases.TC_002_LoginDTTTest - *** ClearPasswordInput ***
14:49:09.657 [main] INFO  com.selenium.testcases.TC_002_LoginDTTTest - ***closing the browser***
14:49:10.989 [main] INFO  com.selenium.testcases.TC_002_LoginDTTTest - **open the browser**
14:49:12.641 [main] INFO  com.selenium.testcases.TC_002_LoginDTTTest - ***Enter the URL***
14:49:12.718 [main] INFO  com.selenium.testcases.TC_002_LoginDTTTest - **maximize the browser**
14:49:12.724 [main] INFO  com.selenium.testcases.TC_002_LoginDTTTest - ***TC_001_LoginDTT ***
14:49:12.729 [main] INFO  com.selenium.testcases.TC_002_LoginDTTTest - ***created homepageobject ***
14:49:12.905 [main] INFO  com.selenium.testcases.TC_002_LoginDTTTest - ***EnterEmailAddress ***
14:49:13.003 [main] INFO  com.selenium.testcases.TC_002_LoginDTTTest - ***EnterPassword ***
14:49:13.529 [main] INFO  com.selenium.testcases.TC_002_LoginDTTTest - *** ClickedOnLoginButton ***
14:49:13.545 [main] INFO  com.selenium.testcases.TC_002_LoginDTTTest - ***Accepting the alret message***
14:49:13.620 [main] INFO  com.selenium.testcases.TC_002_LoginDTTTest - ***ClearEmailInput***
14:49:13.680 [main] INFO  com.selenium.testcases.TC_002_LoginDTTTest - *** ClearPasswordInput ***
14:49:13.919 [main] INFO  com.selenium.testcases.TC_002_LoginDTTTest - ***closing the browser***
14:49:15.125 [main] INFO  com.selenium.testcases.TC_002_LoginDTTTest - **open the browser**
14:49:16.768 [main] INFO  com.selenium.testcases.TC_002_LoginDTTTest - ***Enter the URL***
14:49:16.839 [main] INFO  com.selenium.testcases.TC_002_LoginDTTTest - **maximize the browser**
14:49:16.842 [main] INFO  com.selenium.testcases.TC_002_LoginDTTTest - ***TC_001_LoginDTT ***
14:49:16.844 [main] INFO  com.selenium.testcases.TC_002_LoginDTTTest - ***created homepageobject ***
14:49:17.059 [main] INFO  com.selenium.testcases.TC_002_LoginDTTTest - ***EnterEmailAddress ***
14:49:17.131 [main] INFO  com.selenium.testcases.TC_002_LoginDTTTest - ***EnterPassword ***
14:49:17.966 [main] INFO  com.selenium.testcases.TC_002_LoginDTTTest - *** ClickedOnLoginButton ***
14:49:18.201 [main] INFO  com.selenium.testcases.TC_002_LoginDTTTest - ***closing the browser***
14:49:21.963 [main] INFO  com.selenium.testcases.TC_002_LoginDTTTest - **open the browser**
14:49:24.060 [main] INFO  com.selenium.testcases.TC_002_LoginDTTTest - ***Enter the URL***
14:49:24.356 [main] INFO  com.selenium.testcases.TC_002_LoginDTTTest - **maximize the browser**
14:49:24.364 [main] INFO  com.selenium.testcases.TC_002_LoginDTTTest - ***TC_001_LoginDTT ***
14:49:24.367 [main] INFO  com.selenium.testcases.TC_002_LoginDTTTest - ***created homepageobject ***
14:49:24.525 [main] INFO  com.selenium.testcases.TC_002_LoginDTTTest - ***EnterEmailAddress ***
14:49:24.551 [main] INFO  com.selenium.testcases.TC_002_LoginDTTTest - ***EnterPassword ***
14:49:24.878 [main] INFO  com.selenium.testcases.TC_002_LoginDTTTest - *** ClickedOnLoginButton ***
14:49:24.916 [main] INFO  com.selenium.testcases.TC_002_LoginDTTTest - ***Accepting the alret message***
14:49:24.961 [main] INFO  com.selenium.testcases.TC_002_LoginDTTTest - ***ClearEmailInput***
14:49:24.976 [main] INFO  com.selenium.testcases.TC_002_LoginDTTTest - *** ClearPasswordInput ***
14:49:25.946 [main] INFO  com.selenium.testcases.TC_002_LoginDTTTest - ***closing the browser***
14:49:28.914 [main] INFO  com.selenium.testcases.TC_002_LoginDTTTest - **open the browser**
14:49:30.552 [main] INFO  com.selenium.testcases.TC_002_LoginDTTTest - ***Enter the URL***
14:49:30.846 [main] INFO  com.selenium.testcases.TC_002_LoginDTTTest - **maximize the browser**
14:49:30.862 [main] INFO  com.selenium.testcases.TC_002_LoginDTTTest - ***TC_001_LoginDTT ***
14:49:30.864 [main] INFO  com.selenium.testcases.TC_002_LoginDTTTest - ***created homepageobject ***
14:49:31.008 [main] INFO  com.selenium.testcases.TC_002_LoginDTTTest - ***EnterEmailAddress ***
14:49:31.037 [main] INFO  com.selenium.testcases.TC_002_LoginDTTTest - ***EnterPassword ***
14:49:31.603 [main] INFO  com.selenium.testcases.TC_002_LoginDTTTest - *** ClickedOnLoginButton ***
14:49:31.641 [main] INFO  com.selenium.testcases.TC_002_LoginDTTTest - ***Accepting the alret message***
14:49:31.697 [main] INFO  com.selenium.testcases.TC_002_LoginDTTTest - ***ClearEmailInput***
14:49:31.711 [main] INFO  com.selenium.testcases.TC_002_LoginDTTTest - *** ClearPasswordInput ***
14:49:32.685 [main] INFO  com.selenium.testcases.TC_002_LoginDTTTest - ***closing the browser***
14:49:35.445 [main] INFO  com.selenium.testcases.TC_002_LoginDTTTest - **open the browser**
14:49:37.031 [main] INFO  com.selenium.testcases.TC_002_LoginDTTTest - ***Enter the URL***
14:49:37.335 [main] INFO  com.selenium.testcases.TC_002_LoginDTTTest - **maximize the browser**
14:49:37.337 [main] INFO  com.selenium.testcases.TC_002_LoginDTTTest - ***TC_001_LoginDTT ***
14:49:37.337 [main] INFO  com.selenium.testcases.TC_002_LoginDTTTest - ***created homepageobject ***
14:49:37.446 [main] INFO  com.selenium.testcases.TC_002_LoginDTTTest - ***EnterEmailAddress ***
14:49:37.461 [main] INFO  com.selenium.testcases.TC_002_LoginDTTTest - ***EnterPassword ***
14:49:37.931 [main] INFO  com.selenium.testcases.TC_002_LoginDTTTest - *** ClickedOnLoginButton ***
14:49:37.954 [main] INFO  com.selenium.testcases.TC_002_LoginDTTTest - ***Accepting the alret message***
14:49:38.026 [main] INFO  com.selenium.testcases.TC_002_LoginDTTTest - ***ClearEmailInput***
14:49:38.059 [main] INFO  com.selenium.testcases.TC_002_LoginDTTTest - *** ClearPasswordInput ***
14:49:39.056 [main] INFO  com.selenium.testcases.TC_002_LoginDTTTest - ***closing the browser***
14:49:41.698 [main] INFO  com.selenium.testcases.TC_002_LoginDTTTest - **open the browser**
14:49:43.417 [main] INFO  com.selenium.testcases.TC_002_LoginDTTTest - ***Enter the URL***
14:49:43.707 [main] INFO  com.selenium.testcases.TC_002_LoginDTTTest - **maximize the browser**
14:49:43.711 [main] INFO  com.selenium.testcases.TC_002_LoginDTTTest - ***TC_001_LoginDTT ***
14:49:43.715 [main] INFO  com.selenium.testcases.TC_002_LoginDTTTest - ***created homepageobject ***
14:49:43.842 [main] INFO  com.selenium.testcases.TC_002_LoginDTTTest - ***EnterEmailAddress ***
14:49:43.865 [main] INFO  com.selenium.testcases.TC_002_LoginDTTTest - ***EnterPassword ***
