09:04:05.784 [main] INFO  com.selenium.testcases.TC_001_LoginTest - ***EnterEmailAddress ***
09:04:05.979 [main] INFO  com.selenium.testcases.TC_001_LoginTest - ***EnterPassword ***
09:04:06.446 [main] INFO  com.selenium.testcases.TC_001_LoginTest - *** ClickedOnLoginButton ***
09:04:07.157 [main] INFO  com.selenium.testcases.TC_001_LoginTest - ***closing the browser***
09:05:35.694 [main] INFO  com.selenium.testcases.TC_001_LoginTest - **open the browser**
09:05:37.271 [main] INFO  com.selenium.testcases.TC_001_LoginTest - ***Enter the URL***
09:05:37.432 [main] INFO  com.selenium.testcases.TC_001_LoginTest - **maximize the browser**
09:05:37.435 [main] INFO  com.selenium.testcases.TC_001_LoginTest - ***TC_001_Login ***
09:05:37.535 [main] INFO  com.selenium.testcases.TC_001_LoginTest - ***created homepageobject ***
09:05:37.789 [main] INFO  com.selenium.testcases.TC_001_LoginTest - ***EnterEmailAddress ***
09:05:37.913 [main] INFO  com.selenium.testcases.TC_001_LoginTest - ***EnterPassword ***
09:05:38.927 [main] INFO  com.selenium.testcases.TC_001_LoginTest - *** ClickedOnLoginButton ***
09:05:39.273 [main] INFO  com.selenium.testcases.TC_001_LoginTest - ***closing the browser***
09:06:44.489 [main] INFO  com.selenium.testcases.TC_001_LoginTest - **open the browser**
09:06:46.737 [main] INFO  com.selenium.testcases.TC_001_LoginTest - ***Enter the URL***
09:06:46.883 [main] INFO  com.selenium.testcases.TC_001_LoginTest - **maximize the browser**
09:06:46.920 [main] INFO  com.selenium.testcases.TC_001_LoginTest - ***TC_001_Login ***
09:06:47.010 [main] INFO  com.selenium.testcases.TC_001_LoginTest - ***created homepageobject ***
09:06:47.253 [main] INFO  com.selenium.testcases.TC_001_LoginTest - ***EnterEmailAddress ***
09:06:47.388 [main] INFO  com.selenium.testcases.TC_001_LoginTest - ***EnterPassword ***
09:06:48.157 [main] INFO  com.selenium.testcases.TC_001_LoginTest - *** ClickedOnLoginButton ***
09:06:48.485 [main] INFO  com.selenium.testcases.TC_001_LoginTest - ***closing the browser***
09:07:45.457 [main] INFO  com.selenium.testcases.TC_001_LoginTest - **open the browser**
09:07:46.829 [main] INFO  com.selenium.testcases.TC_001_LoginTest - ***Enter the URL***
09:07:46.974 [main] INFO  com.selenium.testcases.TC_001_LoginTest - **maximize the browser**
09:07:46.994 [main] INFO  com.selenium.testcases.TC_001_LoginTest - ***TC_001_Login ***
09:07:47.042 [main] INFO  com.selenium.testcases.TC_001_LoginTest - ***created homepageobject ***
09:07:47.236 [main] INFO  com.selenium.testcases.TC_001_LoginTest - ***EnterEmailAddress ***
09:07:47.335 [main] INFO  com.selenium.testcases.TC_001_LoginTest - ***EnterPassword ***
09:07:48.097 [main] INFO  com.selenium.testcases.TC_001_LoginTest - *** ClickedOnLoginButton ***
09:07:48.429 [main] INFO  com.selenium.testcases.TC_001_LoginTest - ***closing the browser***
09:57:43.088 [main] INFO  com.selenium.testcases.TC_002_LoginDTTTest - **open the browser**
09:57:44.510 [main] INFO  com.selenium.testcases.TC_002_LoginDTTTest - ***Enter the URL***
09:57:44.647 [main] INFO  com.selenium.testcases.TC_002_LoginDTTTest - **maximize the browser**
09:57:44.674 [main] INFO  com.selenium.testcases.TC_002_LoginDTTTest - ***TC_001_LoginDTT ***
09:57:44.718 [main] INFO  com.selenium.testcases.TC_002_LoginDTTTest - ***created homepageobject ***
09:57:44.909 [main] INFO  com.selenium.testcases.TC_002_LoginDTTTest - ***EnterEmailAddress ***
09:57:45.054 [main] INFO  com.selenium.testcases.TC_002_LoginDTTTest - ***EnterPassword ***
09:57:45.383 [main] INFO  com.selenium.testcases.TC_002_LoginDTTTest - *** ClickedOnLoginButton ***
09:57:45.410 [main] INFO  com.selenium.testcases.TC_002_LoginDTTTest - ***Accepting the alret message***
09:57:45.486 [main] INFO  com.selenium.testcases.TC_002_LoginDTTTest - ***ClearEmailInput***
09:57:45.528 [main] INFO  com.selenium.testcases.TC_002_LoginDTTTest - *** ClearPasswordInput ***
09:57:45.925 [main] INFO  com.selenium.testcases.TC_002_LoginDTTTest - ***closing the browser***
09:57:47.523 [main] INFO  com.selenium.testcases.TC_002_LoginDTTTest - **open the browser**
09:57:48.985 [main] INFO  com.selenium.testcases.TC_002_LoginDTTTest - ***Enter the URL***
09:57:49.144 [main] INFO  com.selenium.testcases.TC_002_LoginDTTTest - **maximize the browser**
09:57:49.148 [main] INFO  com.selenium.testcases.TC_002_LoginDTTTest - ***TC_001_LoginDTT ***
09:57:49.149 [main] INFO  com.selenium.testcases.TC_002_LoginDTTTest - ***created homepageobject ***
09:57:49.343 [main] INFO  com.selenium.testcases.TC_002_LoginDTTTest - ***EnterEmailAddress ***
09:57:49.433 [main] INFO  com.selenium.testcases.TC_002_LoginDTTTest - ***EnterPassword ***
09:57:49.720 [main] INFO  com.selenium.testcases.TC_002_LoginDTTTest - *** ClickedOnLoginButton ***
09:57:49.752 [main] INFO  com.selenium.testcases.TC_002_LoginDTTTest - ***Accepting the alret message***
09:57:49.831 [main] INFO  com.selenium.testcases.TC_002_LoginDTTTest - ***ClearEmailInput***
09:57:49.877 [main] INFO  com.selenium.testcases.TC_002_LoginDTTTest - *** ClearPasswordInput ***
09:57:50.207 [main] INFO  com.selenium.testcases.TC_002_LoginDTTTest - ***closing the browser***
09:57:51.785 [main] INFO  com.selenium.testcases.TC_002_LoginDTTTest - **open the browser**
09:57:53.203 [main] INFO  com.selenium.testcases.TC_002_LoginDTTTest - ***Enter the URL***
09:57:53.354 [main] INFO  com.selenium.testcases.TC_002_LoginDTTTest - **maximize the browser**
09:57:53.358 [main] INFO  com.selenium.testcases.TC_002_LoginDTTTest - ***TC_001_LoginDTT ***
09:57:53.361 [main] INFO  com.selenium.testcases.TC_002_LoginDTTTest - ***created homepageobject ***
09:57:53.561 [main] INFO  com.selenium.testcases.TC_002_LoginDTTTest - ***EnterEmailAddress ***
09:57:53.750 [main] INFO  com.selenium.testcases.TC_002_LoginDTTTest - ***EnterPassword ***
09:57:54.101 [main] INFO  com.selenium.testcases.TC_002_LoginDTTTest - *** ClickedOnLoginButton ***
09:57:54.121 [main] INFO  com.selenium.testcases.TC_002_LoginDTTTest - ***Accepting the alret message***
09:57:54.200 [main] INFO  com.selenium.testcases.TC_002_LoginDTTTest - ***ClearEmailInput***
09:57:54.249 [main] INFO  com.selenium.testcases.TC_002_LoginDTTTest - *** ClearPasswordInput ***
09:57:54.522 [main] INFO  com.selenium.testcases.TC_002_LoginDTTTest - ***closing the browser***
09:57:56.110 [main] INFO  com.selenium.testcases.TC_002_LoginDTTTest - **open the browser**
09:57:57.567 [main] INFO  com.selenium.testcases.TC_002_LoginDTTTest - ***Enter the URL***
09:57:57.705 [main] INFO  com.selenium.testcases.TC_002_LoginDTTTest - **maximize the browser**
09:57:57.709 [main] INFO  com.selenium.testcases.TC_002_LoginDTTTest - ***TC_001_LoginDTT ***
09:57:57.711 [main] INFO  com.selenium.testcases.TC_002_LoginDTTTest - ***created homepageobject ***
09:57:57.893 [main] INFO  com.selenium.testcases.TC_002_LoginDTTTest - ***EnterEmailAddress ***
09:57:57.993 [main] INFO  com.selenium.testcases.TC_002_LoginDTTTest - ***EnterPassword ***
09:57:58.273 [main] INFO  com.selenium.testcases.TC_002_LoginDTTTest - *** ClickedOnLoginButton ***
09:57:58.292 [main] INFO  com.selenium.testcases.TC_002_LoginDTTTest - ***Accepting the alret message***
09:57:58.367 [main] INFO  com.selenium.testcases.TC_002_LoginDTTTest - ***ClearEmailInput***
09:57:58.404 [main] INFO  com.selenium.testcases.TC_002_LoginDTTTest - *** ClearPasswordInput ***
09:57:58.728 [main] INFO  com.selenium.testcases.TC_002_LoginDTTTest - ***closing the browser***
09:58:00.300 [main] INFO  com.selenium.testcases.TC_002_LoginDTTTest - **open the browser**
09:58:01.677 [main] INFO  com.selenium.testcases.TC_002_LoginDTTTest - ***Enter the URL***
09:58:01.818 [main] INFO  com.selenium.testcases.TC_002_LoginDTTTest - **maximize the browser**
09:58:01.820 [main] INFO  com.selenium.testcases.TC_002_LoginDTTTest - ***TC_001_LoginDTT ***
09:58:01.822 [main] INFO  com.selenium.testcases.TC_002_LoginDTTTest - ***created homepageobject ***
09:58:02.052 [main] INFO  com.selenium.testcases.TC_002_LoginDTTTest - ***EnterEmailAddress ***
09:58:02.151 [main] INFO  com.selenium.testcases.TC_002_LoginDTTTest - ***EnterPassword ***
09:58:03.084 [main] INFO  com.selenium.testcases.TC_002_LoginDTTTest - *** ClickedOnLoginButton ***
09:58:03.440 [main] INFO  com.selenium.testcases.TC_002_LoginDTTTest - ***closing the browser***
09:59:06.517 [main] INFO  com.selenium.testcases.TC_002_LoginDTTTest - **open the browser**
09:59:08.003 [main] INFO  com.selenium.testcases.TC_002_LoginDTTTest - ***Enter the URL***
09:59:08.154 [main] INFO  com.selenium.testcases.TC_002_LoginDTTTest - **maximize the browser**
09:59:08.169 [main] INFO  com.selenium.testcases.TC_002_LoginDTTTest - ***TC_001_LoginDTT ***
09:59:08.218 [main] INFO  com.selenium.testcases.TC_002_LoginDTTTest - ***created homepageobject ***
09:59:08.407 [main] INFO  com.selenium.testcases.TC_002_LoginDTTTest - ***EnterEmailAddress ***
09:59:08.498 [main] INFO  com.selenium.testcases.TC_002_LoginDTTTest - ***EnterPassword ***
09:59:08.757 [main] INFO  com.selenium.testcases.TC_002_LoginDTTTest - *** ClickedOnLoginButton ***
09:59:08.783 [main] INFO  com.selenium.testcases.TC_002_LoginDTTTest - ***Accepting the alret message***
09:59:08.867 [main] INFO  com.selenium.testcases.TC_002_LoginDTTTest - ***ClearEmailInput***
09:59:08.909 [main] INFO  com.selenium.testcases.TC_002_LoginDTTTest - *** ClearPasswordInput ***
09:59:09.258 [main] INFO  com.selenium.testcases.TC_002_LoginDTTTest - ***closing the browser***
09:59:10.784 [main] INFO  com.selenium.testcases.TC_002_LoginDTTTest - **open the browser**
09:59:12.143 [main] INFO  com.selenium.testcases.TC_002_LoginDTTTest - ***Enter the URL***
09:59:12.293 [main] INFO  com.selenium.testcases.TC_002_LoginDTTTest - **maximize the browser**
09:59:12.297 [main] INFO  com.selenium.testcases.TC_002_LoginDTTTest - ***TC_001_LoginDTT ***
09:59:12.300 [main] INFO  com.selenium.testcases.TC_002_LoginDTTTest - ***created homepageobject ***
09:59:12.494 [main] INFO  com.selenium.testcases.TC_002_LoginDTTTest - ***EnterEmailAddress ***
09:59:12.600 [main] INFO  com.selenium.testcases.TC_002_LoginDTTTest - ***EnterPassword ***
09:59:12.881 [main] INFO  com.selenium.testcases.TC_002_LoginDTTTest - *** ClickedOnLoginButton ***
09:59:12.894 [main] INFO  com.selenium.testcases.TC_002_LoginDTTTest - ***Accepting the alret message***
09:59:12.974 [main] INFO  com.selenium.testcases.TC_002_LoginDTTTest - ***ClearEmailInput***
09:59:13.016 [main] INFO  com.selenium.testcases.TC_002_LoginDTTTest - *** ClearPasswordInput ***
09:59:13.318 [main] INFO  com.selenium.testcases.TC_002_LoginDTTTest - ***closing the browser***
09:59:14.931 [main] INFO  com.selenium.testcases.TC_002_LoginDTTTest - **open the browser**
09:59:16.548 [main] INFO  com.selenium.testcases.TC_002_LoginDTTTest - ***Enter the URL***
09:59:16.716 [main] INFO  com.selenium.testcases.TC_002_LoginDTTTest - **maximize the browser**
09:59:16.724 [main] INFO  com.selenium.testcases.TC_002_LoginDTTTest - ***TC_001_LoginDTT ***
09:59:16.726 [main] INFO  com.selenium.testcases.TC_002_LoginDTTTest - ***created homepageobject ***
09:59:16.928 [main] INFO  com.selenium.testcases.TC_002_LoginDTTTest - ***EnterEmailAddress ***
09:59:17.042 [main] INFO  com.selenium.testcases.TC_002_LoginDTTTest - ***EnterPassword ***
09:59:17.331 [main] INFO  com.selenium.testcases.TC_002_LoginDTTTest - *** ClickedOnLoginButton ***
09:59:17.346 [main] INFO  com.selenium.testcases.TC_002_LoginDTTTest - ***Accepting the alret message***
09:59:17.441 [main] INFO  com.selenium.testcases.TC_002_LoginDTTTest - ***ClearEmailInput***
09:59:17.485 [main] INFO  com.selenium.testcases.TC_002_LoginDTTTest - *** ClearPasswordInput ***
09:59:17.816 [main] INFO  com.selenium.testcases.TC_002_LoginDTTTest - ***closing the browser***
09:59:19.320 [main] INFO  com.selenium.testcases.TC_002_LoginDTTTest - **open the browser**
09:59:20.872 [main] INFO  com.selenium.testcases.TC_002_LoginDTTTest - ***Enter the URL***
09:59:21.047 [main] INFO  com.selenium.testcases.TC_002_LoginDTTTest - **maximize the browser**
09:59:21.055 [main] INFO  com.selenium.testcases.TC_002_LoginDTTTest - ***TC_001_LoginDTT ***
09:59:21.059 [main] INFO  com.selenium.testcases.TC_002_LoginDTTTest - ***created homepageobject ***
09:59:21.255 [main] INFO  com.selenium.testcases.TC_002_LoginDTTTest - ***EnterEmailAddress ***
09:59:21.346 [main] INFO  com.selenium.testcases.TC_002_LoginDTTTest - ***EnterPassword ***
09:59:21.655 [main] INFO  com.selenium.testcases.TC_002_LoginDTTTest - *** ClickedOnLoginButton ***
09:59:21.672 [main] INFO  com.selenium.testcases.TC_002_LoginDTTTest - ***Accepting the alret message***
09:59:21.757 [main] INFO  com.selenium.testcases.TC_002_LoginDTTTest - ***ClearEmailInput***
09:59:21.801 [main] INFO  com.selenium.testcases.TC_002_LoginDTTTest - *** ClearPasswordInput ***
09:59:22.117 [main] INFO  com.selenium.testcases.TC_002_LoginDTTTest - ***closing the browser***
09:59:23.726 [main] INFO  com.selenium.testcases.TC_002_LoginDTTTest - **open the browser**
09:59:25.105 [main] INFO  com.selenium.testcases.TC_002_LoginDTTTest - ***Enter the URL***
09:59:25.250 [main] INFO  com.selenium.testcases.TC_002_LoginDTTTest - **maximize the browser**
09:59:25.252 [main] INFO  com.selenium.testcases.TC_002_LoginDTTTest - ***TC_001_LoginDTT ***
09:59:25.253 [main] INFO  com.selenium.testcases.TC_002_LoginDTTTest - ***created homepageobject ***
09:59:25.404 [main] INFO  com.selenium.testcases.TC_002_LoginDTTTest - ***EnterEmailAddress ***
09:59:25.495 [main] INFO  com.selenium.testcases.TC_002_LoginDTTTest - ***EnterPassword ***
09:59:26.581 [main] INFO  com.selenium.testcases.TC_002_LoginDTTTest - *** ClickedOnLoginButton ***
09:59:26.891 [main] INFO  com.selenium.testcases.TC_002_LoginDTTTest - ***closing the browser***
10:00:23.076 [main] INFO  com.selenium.testcases.TC_001_LoginTest - **open the browser**
10:00:24.494 [main] INFO  com.selenium.testcases.TC_001_LoginTest - ***Enter the URL***
10:00:24.650 [main] INFO  com.selenium.testcases.TC_001_LoginTest - **maximize the browser**
10:00:24.667 [main] INFO  com.selenium.testcases.TC_001_LoginTest - ***TC_001_Login ***
10:00:24.700 [main] INFO  com.selenium.testcases.TC_001_LoginTest - ***created homepageobject ***
10:00:24.881 [main] INFO  com.selenium.testcases.TC_001_LoginTest - ***EnterEmailAddress ***
10:00:24.996 [main] INFO  com.selenium.testcases.TC_001_LoginTest - ***EnterPassword ***
10:00:25.810 [main] INFO  com.selenium.testcases.TC_001_LoginTest - *** ClickedOnLoginButton ***
10:00:26.222 [main] INFO  com.selenium.testcases.TC_001_LoginTest - ***closing the browser***
10:01:50.114 [main] INFO  com.selenium.testcases.TC_001_LoginTest - **open the browser**
10:01:51.464 [main] INFO  com.selenium.testcases.TC_001_LoginTest - ***Enter the URL***
10:01:51.644 [main] INFO  com.selenium.testcases.TC_001_LoginTest - **maximize the browser**
10:01:51.662 [main] INFO  com.selenium.testcases.TC_001_LoginTest - ***TC_001_Login ***
10:01:51.714 [main] INFO  com.selenium.testcases.TC_001_LoginTest - ***created homepageobject ***
10:01:51.953 [main] INFO  com.selenium.testcases.TC_001_LoginTest - ***EnterEmailAddress ***
10:01:52.082 [main] INFO  com.selenium.testcases.TC_001_LoginTest - ***EnterPassword ***
10:01:52.960 [main] INFO  com.selenium.testcases.TC_001_LoginTest - *** ClickedOnLoginButton ***
10:01:53.389 [main] INFO  com.selenium.testcases.TC_001_LoginTest - ***closing the browser***
10:04:09.316 [main] INFO  com.selenium.testcases.TC_001_LoginTest - **open the browser**
10:04:10.992 [main] INFO  com.selenium.testcases.TC_001_LoginTest - ***Enter the URL***
10:04:11.155 [main] INFO  com.selenium.testcases.TC_001_LoginTest - **maximize the browser**
10:04:11.172 [main] INFO  com.selenium.testcases.TC_001_LoginTest - ***TC_001_Login ***
10:04:11.256 [main] INFO  com.selenium.testcases.TC_001_LoginTest - ***created homepageobject ***
10:04:11.463 [main] INFO  com.selenium.testcases.TC_001_LoginTest - ***EnterEmailAddress ***
10:04:11.565 [main] INFO  com.selenium.testcases.TC_001_LoginTest - ***EnterPassword ***
10:04:12.305 [main] INFO  com.selenium.testcases.TC_001_LoginTest - *** ClickedOnLoginButton ***
10:04:12.698 [main] INFO  com.selenium.testcases.TC_001_LoginTest - ***closing the browser***
10:06:26.691 [main] INFO  com.selenium.testcases.TC_001_LoginTest - **open the browser**
10:06:28.096 [main] INFO  com.selenium.testcases.TC_001_LoginTest - ***Enter the URL***
10:06:28.279 [main] INFO  com.selenium.testcases.TC_001_LoginTest - **maximize the browser**
10:06:28.298 [main] INFO  com.selenium.testcases.TC_001_LoginTest - ***TC_001_Login ***
10:06:28.334 [main] INFO  com.selenium.testcases.TC_001_LoginTest - ***created homepageobject ***
10:06:28.495 [main] INFO  com.selenium.testcases.TC_001_LoginTest - ***EnterEmailAddress ***
10:06:28.590 [main] INFO  com.selenium.testcases.TC_001_LoginTest - ***EnterPassword ***
10:06:29.599 [main] INFO  com.selenium.testcases.TC_001_LoginTest - *** ClickedOnLoginButton ***
10:06:30.016 [main] INFO  com.selenium.testcases.TC_001_LoginTest - ***closing the browser***
10:06:58.755 [main] INFO  com.selenium.testcases.TC_002_LoginDTTTest - **open the browser**
10:07:00.401 [main] INFO  com.selenium.testcases.TC_002_LoginDTTTest - ***Enter the URL***
10:07:00.548 [main] INFO  com.selenium.testcases.TC_002_LoginDTTTest - **maximize the browser**
10:07:00.569 [main] INFO  com.selenium.testcases.TC_002_LoginDTTTest - ***TC_001_LoginDTT ***
10:07:00.621 [main] INFO  com.selenium.testcases.TC_002_LoginDTTTest - ***created homepageobject ***
10:07:00.813 [main] INFO  com.selenium.testcases.TC_002_LoginDTTTest - ***EnterEmailAddress ***
10:07:00.898 [main] INFO  com.selenium.testcases.TC_002_LoginDTTTest - ***EnterPassword ***
10:07:01.197 [main] INFO  com.selenium.testcases.TC_002_LoginDTTTest - *** ClickedOnLoginButton ***
10:07:01.224 [main] INFO  com.selenium.testcases.TC_002_LoginDTTTest - ***Accepting the alret message***
10:07:01.322 [main] INFO  com.selenium.testcases.TC_002_LoginDTTTest - ***ClearEmailInput***
10:07:01.395 [main] INFO  com.selenium.testcases.TC_002_LoginDTTTest - *** ClearPasswordInput ***
10:07:01.668 [main] INFO  com.selenium.testcases.TC_002_LoginDTTTest - ***closing the browser***
10:07:03.207 [main] INFO  com.selenium.testcases.TC_002_LoginDTTTest - **open the browser**
10:07:04.831 [main] INFO  com.selenium.testcases.TC_002_LoginDTTTest - ***Enter the URL***
10:07:05.010 [main] INFO  com.selenium.testcases.TC_002_LoginDTTTest - **maximize the browser**
10:07:05.011 [main] INFO  com.selenium.testcases.TC_002_LoginDTTTest - ***TC_001_LoginDTT ***
10:07:05.012 [main] INFO  com.selenium.testcases.TC_002_LoginDTTTest - ***created homepageobject ***
10:07:05.181 [main] INFO  com.selenium.testcases.TC_002_LoginDTTTest - ***EnterEmailAddress ***
10:07:05.270 [main] INFO  com.selenium.testcases.TC_002_LoginDTTTest - ***EnterPassword ***
10:07:05.589 [main] INFO  com.selenium.testcases.TC_002_LoginDTTTest - *** ClickedOnLoginButton ***
10:07:05.598 [main] INFO  com.selenium.testcases.TC_002_LoginDTTTest - ***Accepting the alret message***
10:07:05.715 [main] INFO  com.selenium.testcases.TC_002_LoginDTTTest - ***ClearEmailInput***
10:07:05.795 [main] INFO  com.selenium.testcases.TC_002_LoginDTTTest - *** ClearPasswordInput ***
10:07:06.049 [main] INFO  com.selenium.testcases.TC_002_LoginDTTTest - ***closing the browser***
10:07:07.545 [main] INFO  com.selenium.testcases.TC_002_LoginDTTTest - **open the browser**
10:07:09.031 [main] INFO  com.selenium.testcases.TC_002_LoginDTTTest - ***Enter the URL***
10:07:09.227 [main] INFO  com.selenium.testcases.TC_002_LoginDTTTest - **maximize the browser**
10:07:09.230 [main] INFO  com.selenium.testcases.TC_002_LoginDTTTest - ***TC_001_LoginDTT ***
10:07:09.236 [main] INFO  com.selenium.testcases.TC_002_LoginDTTTest - ***created homepageobject ***
10:07:09.402 [main] INFO  com.selenium.testcases.TC_002_LoginDTTTest - ***EnterEmailAddress ***
10:07:09.509 [main] INFO  com.selenium.testcases.TC_002_LoginDTTTest - ***EnterPassword ***
10:07:09.827 [main] INFO  com.selenium.testcases.TC_002_LoginDTTTest - *** ClickedOnLoginButton ***
10:07:09.844 [main] INFO  com.selenium.testcases.TC_002_LoginDTTTest - ***Accepting the alret message***
10:07:09.945 [main] INFO  com.selenium.testcases.TC_002_LoginDTTTest - ***ClearEmailInput***
10:07:10.008 [main] INFO  com.selenium.testcases.TC_002_LoginDTTTest - *** ClearPasswordInput ***
10:07:10.307 [main] INFO  com.selenium.testcases.TC_002_LoginDTTTest - ***closing the browser***
10:07:11.790 [main] INFO  com.selenium.testcases.TC_002_LoginDTTTest - **open the browser**
10:07:13.154 [main] INFO  com.selenium.testcases.TC_002_LoginDTTTest - ***Enter the URL***
10:07:13.315 [main] INFO  com.selenium.testcases.TC_002_LoginDTTTest - **maximize the browser**
10:07:13.319 [main] INFO  com.selenium.testcases.TC_002_LoginDTTTest - ***TC_001_LoginDTT ***
10:07:13.322 [main] INFO  com.selenium.testcases.TC_002_LoginDTTTest - ***created homepageobject ***
10:07:13.474 [main] INFO  com.selenium.testcases.TC_002_LoginDTTTest - ***EnterEmailAddress ***
10:07:13.564 [main] INFO  com.selenium.testcases.TC_002_LoginDTTTest - ***EnterPassword ***
10:07:13.898 [main] INFO  com.selenium.testcases.TC_002_LoginDTTTest - *** ClickedOnLoginButton ***
10:07:13.910 [main] INFO  com.selenium.testcases.TC_002_LoginDTTTest - ***Accepting the alret message***
10:07:14.030 [main] INFO  com.selenium.testcases.TC_002_LoginDTTTest - ***ClearEmailInput***
10:07:14.091 [main] INFO  com.selenium.testcases.TC_002_LoginDTTTest - *** ClearPasswordInput ***
10:07:14.365 [main] INFO  com.selenium.testcases.TC_002_LoginDTTTest - ***closing the browser***
10:07:15.855 [main] INFO  com.selenium.testcases.TC_002_LoginDTTTest - **open the browser**
10:07:17.230 [main] INFO  com.selenium.testcases.TC_002_LoginDTTTest - ***Enter the URL***
10:07:17.362 [main] INFO  com.selenium.testcases.TC_002_LoginDTTTest - **maximize the browser**
10:07:17.364 [main] INFO  com.selenium.testcases.TC_002_LoginDTTTest - ***TC_001_LoginDTT ***
10:07:17.369 [main] INFO  com.selenium.testcases.TC_002_LoginDTTTest - ***created homepageobject ***
10:07:17.554 [main] INFO  com.selenium.testcases.TC_002_LoginDTTTest - ***EnterEmailAddress ***
10:07:17.674 [main] INFO  com.selenium.testcases.TC_002_LoginDTTTest - ***EnterPassword ***
10:07:18.488 [main] INFO  com.selenium.testcases.TC_002_LoginDTTTest - *** ClickedOnLoginButton ***
10:07:18.768 [main] INFO  com.selenium.testcases.TC_002_LoginDTTTest - ***closing the browser***
10:08:40.829 [main] INFO  com.selenium.testcases.TC_002_LoginDTTTest - **open the browser**
10:08:42.264 [main] INFO  com.selenium.testcases.TC_002_LoginDTTTest - ***Enter the URL***
10:08:42.403 [main] INFO  com.selenium.testcases.TC_002_LoginDTTTest - **maximize the browser**
10:08:42.420 [main] INFO  com.selenium.testcases.TC_002_LoginDTTTest - ***TC_001_LoginDTT ***
10:08:42.475 [main] INFO  com.selenium.testcases.TC_002_LoginDTTTest - ***created homepageobject ***
10:08:42.684 [main] INFO  com.selenium.testcases.TC_002_LoginDTTTest - ***EnterEmailAddress ***
10:08:42.802 [main] INFO  com.selenium.testcases.TC_002_LoginDTTTest - ***EnterPassword ***
10:08:43.140 [main] INFO  com.selenium.testcases.TC_002_LoginDTTTest - *** ClickedOnLoginButton ***
10:08:43.163 [main] INFO  com.selenium.testcases.TC_002_LoginDTTTest - ***Accepting the alret message***
10:08:43.275 [main] INFO  com.selenium.testcases.TC_002_LoginDTTTest - ***ClearEmailInput***
10:08:43.336 [main] INFO  com.selenium.testcases.TC_002_LoginDTTTest - *** ClearPasswordInput ***
10:08:43.632 [main] INFO  com.selenium.testcases.TC_002_LoginDTTTest - ***closing the browser***
10:08:45.068 [main] INFO  com.selenium.testcases.TC_002_LoginDTTTest - **open the browser**
10:08:46.555 [main] INFO  com.selenium.testcases.TC_002_LoginDTTTest - ***Enter the URL***
10:08:46.702 [main] INFO  com.selenium.testcases.TC_002_LoginDTTTest - **maximize the browser**
10:08:46.704 [main] INFO  com.selenium.testcases.TC_002_LoginDTTTest - ***TC_001_LoginDTT ***
10:08:46.705 [main] INFO  com.selenium.testcases.TC_002_LoginDTTTest - ***created homepageobject ***
10:08:46.883 [main] INFO  com.selenium.testcases.TC_002_LoginDTTTest - ***EnterEmailAddress ***
10:08:46.971 [main] INFO  com.selenium.testcases.TC_002_LoginDTTTest - ***EnterPassword ***
10:08:47.270 [main] INFO  com.selenium.testcases.TC_002_LoginDTTTest - *** ClickedOnLoginButton ***
10:08:47.294 [main] INFO  com.selenium.testcases.TC_002_LoginDTTTest - ***Accepting the alret message***
10:08:47.386 [main] INFO  com.selenium.testcases.TC_002_LoginDTTTest - ***ClearEmailInput***
10:08:47.436 [main] INFO  com.selenium.testcases.TC_002_LoginDTTTest - *** ClearPasswordInput ***
10:08:47.708 [main] INFO  com.selenium.testcases.TC_002_LoginDTTTest - ***closing the browser***
10:08:49.172 [main] INFO  com.selenium.testcases.TC_002_LoginDTTTest - **open the browser**
10:08:50.545 [main] INFO  com.selenium.testcases.TC_002_LoginDTTTest - ***Enter the URL***
10:08:50.697 [main] INFO  com.selenium.testcases.TC_002_LoginDTTTest - **maximize the browser**
10:08:50.706 [main] INFO  com.selenium.testcases.TC_002_LoginDTTTest - ***TC_001_LoginDTT ***
10:08:50.710 [main] INFO  com.selenium.testcases.TC_002_LoginDTTTest - ***created homepageobject ***
10:08:50.887 [main] INFO  com.selenium.testcases.TC_002_LoginDTTTest - ***EnterEmailAddress ***
10:08:51.014 [main] INFO  com.selenium.testcases.TC_002_LoginDTTTest - ***EnterPassword ***
10:08:51.309 [main] INFO  com.selenium.testcases.TC_002_LoginDTTTest - *** ClickedOnLoginButton ***
10:08:51.321 [main] INFO  com.selenium.testcases.TC_002_LoginDTTTest - ***Accepting the alret message***
10:08:51.442 [main] INFO  com.selenium.testcases.TC_002_LoginDTTTest - ***ClearEmailInput***
10:08:51.499 [main] INFO  com.selenium.testcases.TC_002_LoginDTTTest - *** ClearPasswordInput ***
10:08:51.781 [main] INFO  com.selenium.testcases.TC_002_LoginDTTTest - ***closing the browser***
10:08:53.242 [main] INFO  com.selenium.testcases.TC_002_LoginDTTTest - **open the browser**
10:08:54.611 [main] INFO  com.selenium.testcases.TC_002_LoginDTTTest - ***Enter the URL***
10:08:54.772 [main] INFO  com.selenium.testcases.TC_002_LoginDTTTest - **maximize the browser**
10:08:54.794 [main] INFO  com.selenium.testcases.TC_002_LoginDTTTest - ***TC_001_LoginDTT ***
10:08:54.801 [main] INFO  com.selenium.testcases.TC_002_LoginDTTTest - ***created homepageobject ***
10:08:55.010 [main] INFO  com.selenium.testcases.TC_002_LoginDTTTest - ***EnterEmailAddress ***
10:08:55.103 [main] INFO  com.selenium.testcases.TC_002_LoginDTTTest - ***EnterPassword ***
10:08:55.558 [main] INFO  com.selenium.testcases.TC_002_LoginDTTTest - *** ClickedOnLoginButton ***
10:08:55.583 [main] INFO  com.selenium.testcases.TC_002_LoginDTTTest - ***Accepting the alret message***
10:08:55.688 [main] INFO  com.selenium.testcases.TC_002_LoginDTTTest - ***ClearEmailInput***
10:08:55.771 [main] INFO  com.selenium.testcases.TC_002_LoginDTTTest - *** ClearPasswordInput ***
10:08:56.027 [main] INFO  com.selenium.testcases.TC_002_LoginDTTTest - ***closing the browser***
10:08:57.572 [main] INFO  com.selenium.testcases.TC_002_LoginDTTTest - **open the browser**
10:08:59.260 [main] INFO  com.selenium.testcases.TC_002_LoginDTTTest - ***Enter the URL***
10:08:59.445 [main] INFO  com.selenium.testcases.TC_002_LoginDTTTest - **maximize the browser**
10:08:59.452 [main] INFO  com.selenium.testcases.TC_002_LoginDTTTest - ***TC_001_LoginDTT ***
10:08:59.454 [main] INFO  com.selenium.testcases.TC_002_LoginDTTTest - ***created homepageobject ***
10:08:59.635 [main] INFO  com.selenium.testcases.TC_002_LoginDTTTest - ***EnterEmailAddress ***
10:08:59.757 [main] INFO  com.selenium.testcases.TC_002_LoginDTTTest - ***EnterPassword ***
10:09:00.280 [main] INFO  com.selenium.testcases.TC_002_LoginDTTTest - *** ClickedOnLoginButton ***
10:09:00.902 [main] INFO  com.selenium.testcases.TC_002_LoginDTTTest - ***closing the browser***
10:09:23.172 [main] INFO  com.selenium.testcases.TC_001_LoginTest - **open the browser**
10:09:24.753 [main] INFO  com.selenium.testcases.TC_001_LoginTest - ***Enter the URL***
10:09:24.911 [main] INFO  com.selenium.testcases.TC_001_LoginTest - **maximize the browser**
10:09:24.915 [main] INFO  com.selenium.testcases.TC_001_LoginTest - ***TC_001_Login ***
10:09:24.938 [main] INFO  com.selenium.testcases.TC_001_LoginTest - ***created homepageobject ***
10:09:25.115 [main] INFO  com.selenium.testcases.TC_001_LoginTest - ***EnterEmailAddress ***
10:09:25.229 [main] INFO  com.selenium.testcases.TC_001_LoginTest - ***EnterPassword ***
10:09:25.997 [main] INFO  com.selenium.testcases.TC_001_LoginTest - *** ClickedOnLoginButton ***
10:09:26.323 [main] INFO  com.selenium.testcases.TC_001_LoginTest - ***closing the browser***
12:03:46.139 [main] INFO  com.selenium.testcases.TC_001_LoginTest - **open the browser**
12:03:49.266 [main] INFO  com.selenium.testcases.TC_001_LoginTest - ***Enter the URL***
12:03:49.427 [main] INFO  com.selenium.testcases.TC_001_LoginTest - **maximize the browser**
12:03:49.441 [main] INFO  com.selenium.testcases.TC_001_LoginTest - ***TC_001_Login ***
12:03:49.471 [main] INFO  com.selenium.testcases.TC_001_LoginTest - ***created homepageobject ***
12:03:49.623 [main] INFO  com.selenium.testcases.TC_001_LoginTest - ***EnterEmailAddress ***
12:03:49.731 [main] INFO  com.selenium.testcases.TC_001_LoginTest - ***EnterPassword ***
12:03:50.751 [main] INFO  com.selenium.testcases.TC_001_LoginTest - *** ClickedOnLoginButton ***
12:03:51.105 [main] INFO  com.selenium.testcases.TC_001_LoginTest - ***closing the browser***
12:09:28.991 [main] INFO  com.selenium.testcases.TC_002_LoginDTTTest - **open the browser**
12:09:30.436 [main] INFO  com.selenium.testcases.TC_002_LoginDTTTest - ***Enter the URL***
12:09:30.579 [main] INFO  com.selenium.testcases.TC_002_LoginDTTTest - **maximize the browser**
12:09:30.596 [main] INFO  com.selenium.testcases.TC_002_LoginDTTTest - ***TC_001_LoginDTT ***
12:09:30.622 [main] INFO  com.selenium.testcases.TC_002_LoginDTTTest - ***created homepageobject ***
12:09:30.807 [main] INFO  com.selenium.testcases.TC_002_LoginDTTTest - ***EnterEmailAddress ***
12:09:30.902 [main] INFO  com.selenium.testcases.TC_002_LoginDTTTest - ***EnterPassword ***
12:09:31.248 [main] INFO  com.selenium.testcases.TC_002_LoginDTTTest - *** ClickedOnLoginButton ***
12:09:31.275 [main] INFO  com.selenium.testcases.TC_002_LoginDTTTest - ***Accepting the alret message***
12:09:31.353 [main] INFO  com.selenium.testcases.TC_002_LoginDTTTest - ***ClearEmailInput***
12:09:31.396 [main] INFO  com.selenium.testcases.TC_002_LoginDTTTest - *** ClearPasswordInput ***
12:09:31.599 [main] INFO  com.selenium.testcases.TC_002_LoginDTTTest - ***closing the browser***
12:09:32.883 [main] INFO  com.selenium.testcases.TC_002_LoginDTTTest - **open the browser**
12:09:34.342 [main] INFO  com.selenium.testcases.TC_002_LoginDTTTest - ***Enter the URL***
12:09:34.476 [main] INFO  com.selenium.testcases.TC_002_LoginDTTTest - **maximize the browser**
12:09:34.477 [main] INFO  com.selenium.testcases.TC_002_LoginDTTTest - ***TC_001_LoginDTT ***
12:09:34.479 [main] INFO  com.selenium.testcases.TC_002_LoginDTTTest - ***created homepageobject ***
12:09:34.629 [main] INFO  com.selenium.testcases.TC_002_LoginDTTTest - ***EnterEmailAddress ***
12:09:34.721 [main] INFO  com.selenium.testcases.TC_002_LoginDTTTest - ***EnterPassword ***
12:09:34.990 [main] INFO  com.selenium.testcases.TC_002_LoginDTTTest - *** ClickedOnLoginButton ***
12:09:35.012 [main] INFO  com.selenium.testcases.TC_002_LoginDTTTest - ***Accepting the alret message***
12:09:35.070 [main] INFO  com.selenium.testcases.TC_002_LoginDTTTest - ***ClearEmailInput***
12:09:35.109 [main] INFO  com.selenium.testcases.TC_002_LoginDTTTest - *** ClearPasswordInput ***
12:09:35.301 [main] INFO  com.selenium.testcases.TC_002_LoginDTTTest - ***closing the browser***
12:09:36.646 [main] INFO  com.selenium.testcases.TC_002_LoginDTTTest - **open the browser**
12:09:38.156 [main] INFO  com.selenium.testcases.TC_002_LoginDTTTest - ***Enter the URL***
12:09:38.291 [main] INFO  com.selenium.testcases.TC_002_LoginDTTTest - **maximize the browser**
12:09:38.294 [main] INFO  com.selenium.testcases.TC_002_LoginDTTTest - ***TC_001_LoginDTT ***
12:09:38.299 [main] INFO  com.selenium.testcases.TC_002_LoginDTTTest - ***created homepageobject ***
12:09:38.464 [main] INFO  com.selenium.testcases.TC_002_LoginDTTTest - ***EnterEmailAddress ***
12:09:38.583 [main] INFO  com.selenium.testcases.TC_002_LoginDTTTest - ***EnterPassword ***
12:09:38.901 [main] INFO  com.selenium.testcases.TC_002_LoginDTTTest - *** ClickedOnLoginButton ***
12:09:38.922 [main] INFO  com.selenium.testcases.TC_002_LoginDTTTest - ***Accepting the alret message***
12:09:38.987 [main] INFO  com.selenium.testcases.TC_002_LoginDTTTest - ***ClearEmailInput***
12:09:39.023 [main] INFO  com.selenium.testcases.TC_002_LoginDTTTest - *** ClearPasswordInput ***
12:09:39.209 [main] INFO  com.selenium.testcases.TC_002_LoginDTTTest - ***closing the browser***
12:09:40.555 [main] INFO  com.selenium.testcases.TC_002_LoginDTTTest - **open the browser**
12:09:42.021 [main] INFO  com.selenium.testcases.TC_002_LoginDTTTest - ***Enter the URL***
12:09:42.151 [main] INFO  com.selenium.testcases.TC_002_LoginDTTTest - **maximize the browser**
12:09:42.153 [main] INFO  com.selenium.testcases.TC_002_LoginDTTTest - ***TC_001_LoginDTT ***
12:09:42.154 [main] INFO  com.selenium.testcases.TC_002_LoginDTTTest - ***created homepageobject ***
12:09:42.340 [main] INFO  com.selenium.testcases.TC_002_LoginDTTTest - ***EnterEmailAddress ***
12:09:42.446 [main] INFO  com.selenium.testcases.TC_002_LoginDTTTest - ***EnterPassword ***
12:09:42.764 [main] INFO  com.selenium.testcases.TC_002_LoginDTTTest - *** ClickedOnLoginButton ***
12:09:42.782 [main] INFO  com.selenium.testcases.TC_002_LoginDTTTest - ***Accepting the alret message***
12:09:42.865 [main] INFO  com.selenium.testcases.TC_002_LoginDTTTest - ***ClearEmailInput***
12:09:42.905 [main] INFO  com.selenium.testcases.TC_002_LoginDTTTest - *** ClearPasswordInput ***
12:09:43.092 [main] INFO  com.selenium.testcases.TC_002_LoginDTTTest - ***closing the browser***
12:09:44.234 [main] INFO  com.selenium.testcases.TC_002_LoginDTTTest - **open the browser**
12:09:45.960 [main] INFO  com.selenium.testcases.TC_002_LoginDTTTest - ***Enter the URL***
12:09:46.106 [main] INFO  com.selenium.testcases.TC_002_LoginDTTTest - **maximize the browser**
12:09:46.114 [main] INFO  com.selenium.testcases.TC_002_LoginDTTTest - ***TC_001_LoginDTT ***
12:09:46.117 [main] INFO  com.selenium.testcases.TC_002_LoginDTTTest - ***created homepageobject ***
12:09:46.299 [main] INFO  com.selenium.testcases.TC_002_LoginDTTTest - ***EnterEmailAddress ***
12:09:46.360 [main] INFO  com.selenium.testcases.TC_002_LoginDTTTest - ***EnterPassword ***
12:09:47.205 [main] INFO  com.selenium.testcases.TC_002_LoginDTTTest - *** ClickedOnLoginButton ***
12:09:47.421 [main] INFO  com.selenium.testcases.TC_002_LoginDTTTest - ***closing the browser***
12:10:31.876 [main] INFO  com.selenium.testcases.TC_001_LoginTest - **open the browser**
12:10:33.497 [main] INFO  com.selenium.testcases.TC_001_LoginTest - ***Enter the URL***
12:10:33.631 [main] INFO  com.selenium.testcases.TC_001_LoginTest - **maximize the browser**
12:10:33.637 [main] INFO  com.selenium.testcases.TC_001_LoginTest - ***TC_001_Login ***
12:10:33.663 [main] INFO  com.selenium.testcases.TC_001_LoginTest - ***created homepageobject ***
12:10:33.851 [main] INFO  com.selenium.testcases.TC_001_LoginTest - ***EnterEmailAddress ***
12:10:33.928 [main] INFO  com.selenium.testcases.TC_001_LoginTest - ***EnterPassword ***
12:10:34.728 [main] INFO  com.selenium.testcases.TC_001_LoginTest - *** ClickedOnLoginButton ***
12:10:34.971 [main] INFO  com.selenium.testcases.TC_001_LoginTest - ***closing the browser***
12:10:36.844 [main] INFO  com.selenium.testcases.TC_002_LoginDTTTest - **open the browser**
12:10:38.277 [main] INFO  com.selenium.testcases.TC_002_LoginDTTTest - ***Enter the URL***
12:10:38.409 [main] INFO  com.selenium.testcases.TC_002_LoginDTTTest - **maximize the browser**
12:10:38.411 [main] INFO  com.selenium.testcases.TC_002_LoginDTTTest - ***TC_001_LoginDTT ***
12:10:38.412 [main] INFO  com.selenium.testcases.TC_002_LoginDTTTest - ***created homepageobject ***
12:10:38.582 [main] INFO  com.selenium.testcases.TC_002_LoginDTTTest - ***EnterEmailAddress ***
12:10:38.710 [main] INFO  com.selenium.testcases.TC_002_LoginDTTTest - ***EnterPassword ***
12:10:39.695 [main] INFO  com.selenium.testcases.TC_002_LoginDTTTest - *** ClickedOnLoginButton ***
12:10:39.723 [main] INFO  com.selenium.testcases.TC_002_LoginDTTTest - ***Accepting the alret message***
12:10:39.829 [main] INFO  com.selenium.testcases.TC_002_LoginDTTTest - ***ClearEmailInput***
12:10:39.878 [main] INFO  com.selenium.testcases.TC_002_LoginDTTTest - *** ClearPasswordInput ***
12:10:40.079 [main] INFO  com.selenium.testcases.TC_002_LoginDTTTest - ***closing the browser***
12:10:41.417 [main] INFO  com.selenium.testcases.TC_002_LoginDTTTest - **open the browser**
12:10:43.117 [main] INFO  com.selenium.testcases.TC_002_LoginDTTTest - ***Enter the URL***
12:10:43.242 [main] INFO  com.selenium.testcases.TC_002_LoginDTTTest - **maximize the browser**
12:10:43.244 [main] INFO  com.selenium.testcases.TC_002_LoginDTTTest - ***TC_001_LoginDTT ***
12:10:43.246 [main] INFO  com.selenium.testcases.TC_002_LoginDTTTest - ***created homepageobject ***
12:10:43.394 [main] INFO  com.selenium.testcases.TC_002_LoginDTTTest - ***EnterEmailAddress ***
12:10:43.484 [main] INFO  com.selenium.testcases.TC_002_LoginDTTTest - ***EnterPassword ***
12:10:43.818 [main] INFO  com.selenium.testcases.TC_002_LoginDTTTest - *** ClickedOnLoginButton ***
12:10:43.851 [main] INFO  com.selenium.testcases.TC_002_LoginDTTTest - ***Accepting the alret message***
12:10:43.929 [main] INFO  com.selenium.testcases.TC_002_LoginDTTTest - ***ClearEmailInput***
12:10:43.982 [main] INFO  com.selenium.testcases.TC_002_LoginDTTTest - *** ClearPasswordInput ***
12:10:44.197 [main] INFO  com.selenium.testcases.TC_002_LoginDTTTest - ***closing the browser***
12:10:45.407 [main] INFO  com.selenium.testcases.TC_002_LoginDTTTest - **open the browser**
12:10:46.830 [main] INFO  com.selenium.testcases.TC_002_LoginDTTTest - ***Enter the URL***
12:10:46.974 [main] INFO  com.selenium.testcases.TC_002_LoginDTTTest - **maximize the browser**
12:10:46.976 [main] INFO  com.selenium.testcases.TC_002_LoginDTTTest - ***TC_001_LoginDTT ***
12:10:46.976 [main] INFO  com.selenium.testcases.TC_002_LoginDTTTest - ***created homepageobject ***
12:10:47.138 [main] INFO  com.selenium.testcases.TC_002_LoginDTTTest - ***EnterEmailAddress ***
12:10:47.234 [main] INFO  com.selenium.testcases.TC_002_LoginDTTTest - ***EnterPassword ***
12:10:47.590 [main] INFO  com.selenium.testcases.TC_002_LoginDTTTest - *** ClickedOnLoginButton ***
12:10:47.622 [main] INFO  com.selenium.testcases.TC_002_LoginDTTTest - ***Accepting the alret message***
12:10:47.693 [main] INFO  com.selenium.testcases.TC_002_LoginDTTTest - ***ClearEmailInput***
12:10:47.741 [main] INFO  com.selenium.testcases.TC_002_LoginDTTTest - *** ClearPasswordInput ***
12:10:47.934 [main] INFO  com.selenium.testcases.TC_002_LoginDTTTest - ***closing the browser***
12:10:49.041 [main] INFO  com.selenium.testcases.TC_002_LoginDTTTest - **open the browser**
12:10:50.839 [main] INFO  com.selenium.testcases.TC_002_LoginDTTTest - ***Enter the URL***
12:10:50.973 [main] INFO  com.selenium.testcases.TC_002_LoginDTTTest - **maximize the browser**
12:10:50.974 [main] INFO  com.selenium.testcases.TC_002_LoginDTTTest - ***TC_001_LoginDTT ***
12:10:50.975 [main] INFO  com.selenium.testcases.TC_002_LoginDTTTest - ***created homepageobject ***
12:10:51.132 [main] INFO  com.selenium.testcases.TC_002_LoginDTTTest - ***EnterEmailAddress ***
12:10:51.209 [main] INFO  com.selenium.testcases.TC_002_LoginDTTTest - ***EnterPassword ***
12:10:51.542 [main] INFO  com.selenium.testcases.TC_002_LoginDTTTest - *** ClickedOnLoginButton ***
12:10:51.555 [main] INFO  com.selenium.testcases.TC_002_LoginDTTTest - ***Accepting the alret message***
12:10:51.624 [main] INFO  com.selenium.testcases.TC_002_LoginDTTTest - ***ClearEmailInput***
12:10:51.669 [main] INFO  com.selenium.testcases.TC_002_LoginDTTTest - *** ClearPasswordInput ***
12:10:51.924 [main] INFO  com.selenium.testcases.TC_002_LoginDTTTest - ***closing the browser***
12:10:52.994 [main] INFO  com.selenium.testcases.TC_002_LoginDTTTest - **open the browser**
12:10:54.370 [main] INFO  com.selenium.testcases.TC_002_LoginDTTTest - ***Enter the URL***
12:10:54.500 [main] INFO  com.selenium.testcases.TC_002_LoginDTTTest - **maximize the browser**
12:10:54.503 [main] INFO  com.selenium.testcases.TC_002_LoginDTTTest - ***TC_001_LoginDTT ***
12:10:54.503 [main] INFO  com.selenium.testcases.TC_002_LoginDTTTest - ***created homepageobject ***
12:10:54.688 [main] INFO  com.selenium.testcases.TC_002_LoginDTTTest - ***EnterEmailAddress ***
12:10:54.789 [main] INFO  com.selenium.testcases.TC_002_LoginDTTTest - ***EnterPassword ***
12:10:55.692 [main] INFO  com.selenium.testcases.TC_002_LoginDTTTest - *** ClickedOnLoginButton ***
12:10:55.903 [main] INFO  com.selenium.testcases.TC_002_LoginDTTTest - ***closing the browser***
12:11:50.842 [main] INFO  com.selenium.testcases.TC_001_LoginTest - **open the browser**
12:11:52.240 [main] INFO  com.selenium.testcases.TC_001_LoginTest - ***Enter the URL***
12:11:52.364 [main] INFO  com.selenium.testcases.TC_001_LoginTest - **maximize the browser**
12:11:52.370 [main] INFO  com.selenium.testcases.TC_001_LoginTest - ***TC_001_Login ***
12:11:52.412 [main] INFO  com.selenium.testcases.TC_001_LoginTest - ***created homepageobject ***
12:11:52.588 [main] INFO  com.selenium.testcases.TC_001_LoginTest - ***EnterEmailAddress ***
12:11:52.661 [main] INFO  com.selenium.testcases.TC_001_LoginTest - ***EnterPassword ***
12:11:53.451 [main] INFO  com.selenium.testcases.TC_001_LoginTest - *** ClickedOnLoginButton ***
12:11:53.699 [main] INFO  com.selenium.testcases.TC_001_LoginTest - ***closing the browser***
12:11:55.659 [main] INFO  com.selenium.testcases.TC_002_LoginDTTTest - **open the browser**
12:11:57.373 [main] INFO  com.selenium.testcases.TC_002_LoginDTTTest - ***Enter the URL***
12:11:57.500 [main] INFO  com.selenium.testcases.TC_002_LoginDTTTest - **maximize the browser**
12:11:57.501 [main] INFO  com.selenium.testcases.TC_002_LoginDTTTest - ***TC_001_LoginDTT ***
12:11:57.502 [main] INFO  com.selenium.testcases.TC_002_LoginDTTTest - ***created homepageobject ***
12:11:57.709 [main] INFO  com.selenium.testcases.TC_002_LoginDTTTest - ***EnterEmailAddress ***
12:11:57.797 [main] INFO  com.selenium.testcases.TC_002_LoginDTTTest - ***EnterPassword ***
12:11:58.096 [main] INFO  com.selenium.testcases.TC_002_LoginDTTTest - *** ClickedOnLoginButton ***
12:11:58.114 [main] INFO  com.selenium.testcases.TC_002_LoginDTTTest - ***Accepting the alret message***
12:11:58.198 [main] INFO  com.selenium.testcases.TC_002_LoginDTTTest - ***ClearEmailInput***
12:11:58.256 [main] INFO  com.selenium.testcases.TC_002_LoginDTTTest - *** ClearPasswordInput ***
12:11:58.515 [main] INFO  com.selenium.testcases.TC_002_LoginDTTTest - ***closing the browser***
12:11:59.973 [main] INFO  com.selenium.testcases.TC_002_LoginDTTTest - **open the browser**
12:12:01.611 [main] INFO  com.selenium.testcases.TC_002_LoginDTTTest - ***Enter the URL***
12:12:01.753 [main] INFO  com.selenium.testcases.TC_002_LoginDTTTest - **maximize the browser**
12:12:01.756 [main] INFO  com.selenium.testcases.TC_002_LoginDTTTest - ***TC_001_LoginDTT ***
12:12:01.761 [main] INFO  com.selenium.testcases.TC_002_LoginDTTTest - ***created homepageobject ***
12:12:02.016 [main] INFO  com.selenium.testcases.TC_002_LoginDTTTest - ***EnterEmailAddress ***
12:12:02.139 [main] INFO  com.selenium.testcases.TC_002_LoginDTTTest - ***EnterPassword ***
12:12:02.485 [main] INFO  com.selenium.testcases.TC_002_LoginDTTTest - *** ClickedOnLoginButton ***
12:12:02.512 [main] INFO  com.selenium.testcases.TC_002_LoginDTTTest - ***Accepting the alret message***
12:12:02.609 [main] INFO  com.selenium.testcases.TC_002_LoginDTTTest - ***ClearEmailInput***
12:12:02.684 [main] INFO  com.selenium.testcases.TC_002_LoginDTTTest - *** ClearPasswordInput ***
12:12:02.925 [main] INFO  com.selenium.testcases.TC_002_LoginDTTTest - ***closing the browser***
12:12:04.280 [main] INFO  com.selenium.testcases.TC_002_LoginDTTTest - **open the browser**
12:12:06.314 [main] INFO  com.selenium.testcases.TC_002_LoginDTTTest - ***Enter the URL***
12:12:06.459 [main] INFO  com.selenium.testcases.TC_002_LoginDTTTest - **maximize the browser**
12:12:06.461 [main] INFO  com.selenium.testcases.TC_002_LoginDTTTest - ***TC_001_LoginDTT ***
12:12:06.461 [main] INFO  com.selenium.testcases.TC_002_LoginDTTTest - ***created homepageobject ***
12:12:06.655 [main] INFO  com.selenium.testcases.TC_002_LoginDTTTest - ***EnterEmailAddress ***
12:12:06.762 [main] INFO  com.selenium.testcases.TC_002_LoginDTTTest - ***EnterPassword ***
12:12:07.049 [main] INFO  com.selenium.testcases.TC_002_LoginDTTTest - *** ClickedOnLoginButton ***
12:12:07.085 [main] INFO  com.selenium.testcases.TC_002_LoginDTTTest - ***Accepting the alret message***
12:12:07.150 [main] INFO  com.selenium.testcases.TC_002_LoginDTTTest - ***ClearEmailInput***
12:12:07.204 [main] INFO  com.selenium.testcases.TC_002_LoginDTTTest - *** ClearPasswordInput ***
12:12:07.411 [main] INFO  com.selenium.testcases.TC_002_LoginDTTTest - ***closing the browser***
12:12:08.808 [main] INFO  com.selenium.testcases.TC_002_LoginDTTTest - **open the browser**
12:12:10.305 [main] INFO  com.selenium.testcases.TC_002_LoginDTTTest - ***Enter the URL***
12:12:10.444 [main] INFO  com.selenium.testcases.TC_002_LoginDTTTest - **maximize the browser**
12:12:10.446 [main] INFO  com.selenium.testcases.TC_002_LoginDTTTest - ***TC_001_LoginDTT ***
12:12:10.447 [main] INFO  com.selenium.testcases.TC_002_LoginDTTTest - ***created homepageobject ***
12:12:10.627 [main] INFO  com.selenium.testcases.TC_002_LoginDTTTest - ***EnterEmailAddress ***
12:12:10.747 [main] INFO  com.selenium.testcases.TC_002_LoginDTTTest - ***EnterPassword ***
12:12:11.042 [main] INFO  com.selenium.testcases.TC_002_LoginDTTTest - *** ClickedOnLoginButton ***
12:12:11.057 [main] INFO  com.selenium.testcases.TC_002_LoginDTTTest - ***Accepting the alret message***
12:12:11.141 [main] INFO  com.selenium.testcases.TC_002_LoginDTTTest - ***ClearEmailInput***
12:12:11.191 [main] INFO  com.selenium.testcases.TC_002_LoginDTTTest - *** ClearPasswordInput ***
12:12:11.409 [main] INFO  com.selenium.testcases.TC_002_LoginDTTTest - ***closing the browser***
12:12:12.752 [main] INFO  com.selenium.testcases.TC_002_LoginDTTTest - **open the browser**
12:12:14.127 [main] INFO  com.selenium.testcases.TC_002_LoginDTTTest - ***Enter the URL***
12:12:14.265 [main] INFO  com.selenium.testcases.TC_002_LoginDTTTest - **maximize the browser**
12:12:14.265 [main] INFO  com.selenium.testcases.TC_002_LoginDTTTest - ***TC_001_LoginDTT ***
12:12:14.266 [main] INFO  com.selenium.testcases.TC_002_LoginDTTTest - ***created homepageobject ***
12:12:14.453 [main] INFO  com.selenium.testcases.TC_002_LoginDTTTest - ***EnterEmailAddress ***
12:12:14.546 [main] INFO  com.selenium.testcases.TC_002_LoginDTTTest - ***EnterPassword ***
12:12:15.379 [main] INFO  com.selenium.testcases.TC_002_LoginDTTTest - *** ClickedOnLoginButton ***
12:12:15.603 [main] INFO  com.selenium.testcases.TC_002_LoginDTTTest - ***closing the browser***
16:04:29.245 [main] INFO  com.selenium.testcases.TC_002_LoginDTTTest - **open the browser**
16:04:30.687 [main] INFO  com.selenium.testcases.TC_002_LoginDTTTest - ***Enter the URL***
16:04:30.821 [main] INFO  com.selenium.testcases.TC_002_LoginDTTTest - **maximize the browser**
16:04:30.832 [main] INFO  com.selenium.testcases.TC_002_LoginDTTTest - ***TC_001_LoginDTT ***
16:04:30.872 [main] INFO  com.selenium.testcases.TC_002_LoginDTTTest - ***created homepageobject ***
16:04:31.057 [main] INFO  com.selenium.testcases.TC_002_LoginDTTTest - ***EnterEmailAddress ***
16:04:31.144 [main] INFO  com.selenium.testcases.TC_002_LoginDTTTest - ***EnterPassword ***
16:04:31.402 [main] INFO  com.selenium.testcases.TC_002_LoginDTTTest - *** ClickedOnLoginButton ***
16:04:31.415 [main] INFO  com.selenium.testcases.TC_002_LoginDTTTest - ***Accepting the alret message***
16:04:31.478 [main] INFO  com.selenium.testcases.TC_002_LoginDTTTest - ***ClearEmailInput***
16:04:31.528 [main] INFO  com.selenium.testcases.TC_002_LoginDTTTest - *** ClearPasswordInput ***
16:04:31.750 [main] INFO  com.selenium.testcases.TC_002_LoginDTTTest - ***closing the browser***
16:04:32.871 [main] INFO  com.selenium.testcases.TC_002_LoginDTTTest - **open the browser**
16:04:34.349 [main] INFO  com.selenium.testcases.TC_002_LoginDTTTest - ***Enter the URL***
16:04:34.495 [main] INFO  com.selenium.testcases.TC_002_LoginDTTTest - **maximize the browser**
16:04:34.498 [main] INFO  com.selenium.testcases.TC_002_LoginDTTTest - ***TC_001_LoginDTT ***
16:04:34.500 [main] INFO  com.selenium.testcases.TC_002_LoginDTTTest - ***created homepageobject ***
16:04:34.707 [main] INFO  com.selenium.testcases.TC_002_LoginDTTTest - ***EnterEmailAddress ***
